IVEware Statistical Procedures
Survey Research Center, Institute for Social Research
University of Michigan
Version 0.3, Copyright (c) 2024


Tue Mar 12 14:16:13 2024
  Begin setup checking
  Read setup
  Seed 1710270973
  Write setup
  End setup checking

Tue Mar 12 14:16:13 2024
  Begin execution
  Read setup
  Read data
Tue Mar 12 14:16:13 2024
  Mult 1, Iter 1, Imp 1
  Impute INT_HWY
  Update data
  Logistic regression
  Correct data
Tue Mar 12 14:16:13 2024
  Mult 1, Iter 1, Imp 2
  Impute REL_ROAD
  Update data
  Polytomous regression
  Correct data
Tue Mar 12 14:16:14 2024
  Mult 1, Iter 1, Imp 3
  Impute HOUR
  Update data
  Polytomous regression
  Correct data
Tue Mar 12 14:16:14 2024
  Mult 1, Iter 1, Imp 4
  Impute LGT_COND
  Update data
  Polytomous regression
  Correct data
Tue Mar 12 14:16:14 2024
  Mult 1, Iter 1, Imp 5
  Impute WEATHER
  Update data
  Polytomous regression
  Correct data
Tue Mar 12 14:16:14 2024
  Mult 1, Iter 1, Imp 6
  Impute RELJCT2
  Update data
  Polytomous regression
  Correct data
Tue Mar 12 14:16:14 2024
  Mult 1, Iter 1, Imp 7
  Impute TYP_INT
  Update data
  Polytomous regression
  Correct data
Tue Mar 12 14:16:15 2024
  Mult 1, Iter 1, Imp 8
  Impute RELJCT1
  Update data
  Logistic regression
  Correct data
Tue Mar 12 14:16:15 2024
  Mult 1, Iter 2, Imp 1
  Impute INT_HWY
  Update data
  Logistic regression
  Correct data
Tue Mar 12 14:16:15 2024
  Mult 1, Iter 2, Imp 2
  Impute REL_ROAD
  Update data
  Polytomous regression
  Correct data
Tue Mar 12 14:16:15 2024
  Mult 1, Iter 2, Imp 3
  Impute HOUR
  Update data
  Polytomous regression
  Correct data
Tue Mar 12 14:16:16 2024
  Mult 1, Iter 2, Imp 4
  Impute LGT_COND
  Update data
  Polytomous regression
  Correct data
Tue Mar 12 14:16:16 2024
  Mult 1, Iter 2, Imp 5
  Impute WEATHER
  Update data
  Polytomous regression
  Correct data
Tue Mar 12 14:16:16 2024
  Mult 1, Iter 2, Imp 6
  Impute RELJCT2
  Update data
  Polytomous regression
  Correct data
Tue Mar 12 14:16:17 2024
  Mult 1, Iter 2, Imp 7
  Impute TYP_INT
  Update data
  Polytomous regression
  Correct data
Tue Mar 12 14:16:17 2024
  Mult 1, Iter 2, Imp 8
  Impute RELJCT1
  Update data
  Logistic regression
  Correct data
Tue Mar 12 14:16:17 2024
  Mult 1, Iter 3, Imp 1
  Impute INT_HWY
  Update data
  Logistic regression
  Correct data
Tue Mar 12 14:16:17 2024
  Mult 1, Iter 3, Imp 2
  Impute REL_ROAD
  Update data
  Polytomous regression
  Correct data
Tue Mar 12 14:16:18 2024
  Mult 1, Iter 3, Imp 3
  Impute HOUR
  Update data
  Polytomous regression
  Correct data
Tue Mar 12 14:16:18 2024
  Mult 1, Iter 3, Imp 4
  Impute LGT_COND
  Update data
  Polytomous regression
  Correct data
Tue Mar 12 14:16:18 2024
  Mult 1, Iter 3, Imp 5
  Impute WEATHER
  Update data
  Polytomous regression
  Correct data
Tue Mar 12 14:16:19 2024
  Mult 1, Iter 3, Imp 6
  Impute RELJCT2
  Update data
  Polytomous regression
  Correct data
Tue Mar 12 14:16:19 2024
  Mult 1, Iter 3, Imp 7
  Impute TYP_INT
  Update data
  Polytomous regression
  Correct data
Tue Mar 12 14:16:20 2024
  Mult 1, Iter 3, Imp 8
  Impute RELJCT1
  Update data
  Logistic regression
  Correct data
Tue Mar 12 14:16:20 2024
  Mult 1, Iter 4, Imp 1
  Impute INT_HWY
  Update data
  Logistic regression
  Correct data
Tue Mar 12 14:16:20 2024
  Mult 1, Iter 4, Imp 2
  Impute REL_ROAD
  Update data
  Polytomous regression
  Correct data
Tue Mar 12 14:16:20 2024
  Mult 1, Iter 4, Imp 3
  Impute HOUR
  Update data
  Polytomous regression
  Correct data
Tue Mar 12 14:16:21 2024
  Mult 1, Iter 4, Imp 4
  Impute LGT_COND
  Update data
  Polytomous regression
  Correct data
Tue Mar 12 14:16:21 2024
  Mult 1, Iter 4, Imp 5
  Impute WEATHER
  Update data
  Polytomous regression
  Correct data
Tue Mar 12 14:16:21 2024
  Mult 1, Iter 4, Imp 6
  Impute RELJCT2
  Update data
  Polytomous regression
  Correct data
Tue Mar 12 14:16:22 2024
  Mult 1, Iter 4, Imp 7
  Impute TYP_INT
  Update data
  Polytomous regression
  Correct data
Tue Mar 12 14:16:23 2024
  Mult 1, Iter 4, Imp 8
  Impute RELJCT1
  Update data
  Logistic regression
  Correct data
Tue Mar 12 14:16:23 2024
  Mult 1, Iter 5, Imp 1
  Impute INT_HWY
  Update data
  Logistic regression
  Correct data
Tue Mar 12 14:16:23 2024
  Mult 1, Iter 5, Imp 2
  Impute REL_ROAD
  Update data
  Polytomous regression
  Correct data
Tue Mar 12 14:16:23 2024
  Mult 1, Iter 5, Imp 3
  Impute HOUR
  Update data
  Polytomous regression
  Correct data
Tue Mar 12 14:16:24 2024
  Mult 1, Iter 5, Imp 4
  Impute LGT_COND
  Update data
  Polytomous regression
  Correct data
Tue Mar 12 14:16:24 2024
  Mult 1, Iter 5, Imp 5
  Impute WEATHER
  Update data
  Polytomous regression
  Correct data
Tue Mar 12 14:16:24 2024
  Mult 1, Iter 5, Imp 6
  Impute RELJCT2
  Update data
  Polytomous regression
  Correct data
Tue Mar 12 14:16:25 2024
  Mult 1, Iter 5, Imp 7
  Impute TYP_INT
  Update data
  Polytomous regression
  Correct data
Tue Mar 12 14:16:26 2024
  Mult 1, Iter 5, Imp 8
  Impute RELJCT1
  Update data
  Logistic regression
  Correct data
Tue Mar 12 14:16:26 2024
  Mult 1, Iter 6, Imp 1
  Impute INT_HWY
  Update data
  Logistic regression
  Correct data
Tue Mar 12 14:16:26 2024
  Mult 1, Iter 6, Imp 2
  Impute REL_ROAD
  Update data
  Polytomous regression
  Correct data
Tue Mar 12 14:16:26 2024
  Mult 1, Iter 6, Imp 3
  Impute HOUR
  Update data
  Polytomous regression
  Correct data
Tue Mar 12 14:16:27 2024
  Mult 1, Iter 6, Imp 4
  Impute LGT_COND
  Update data
  Polytomous regression
  Correct data
Tue Mar 12 14:16:27 2024
  Mult 1, Iter 6, Imp 5
  Impute WEATHER
  Update data
  Polytomous regression
  Correct data
Tue Mar 12 14:16:27 2024
  Mult 1, Iter 6, Imp 6
  Impute RELJCT2
  Update data
  Polytomous regression
  Correct data
Tue Mar 12 14:16:28 2024
  Mult 1, Iter 6, Imp 7
  Impute TYP_INT
  Update data
  Polytomous regression
  Correct data
Tue Mar 12 14:16:28 2024
  Mult 1, Iter 6, Imp 8
  Impute RELJCT1
  Update data
  Logistic regression
  Correct data
Tue Mar 12 14:16:29 2024
  Mult 1, Iter 7, Imp 1
  Impute INT_HWY
  Update data
  Logistic regression
  Correct data
Tue Mar 12 14:16:29 2024
  Mult 1, Iter 7, Imp 2
  Impute REL_ROAD
  Update data
  Polytomous regression
  Correct data
Tue Mar 12 14:16:29 2024
  Mult 1, Iter 7, Imp 3
  Impute HOUR
  Update data
  Polytomous regression
  Correct data
Tue Mar 12 14:16:30 2024
  Mult 1, Iter 7, Imp 4
  Impute LGT_COND
  Update data
  Polytomous regression
  Correct data
Tue Mar 12 14:16:30 2024
  Mult 1, Iter 7, Imp 5
  Impute WEATHER
  Update data
  Polytomous regression
  Correct data
Tue Mar 12 14:16:30 2024
  Mult 1, Iter 7, Imp 6
  Impute RELJCT2
  Update data
  Polytomous regression
  Correct data
Tue Mar 12 14:16:31 2024
  Mult 1, Iter 7, Imp 7
  Impute TYP_INT
  Update data
  Polytomous regression
  Correct data
Tue Mar 12 14:16:31 2024
  Mult 1, Iter 7, Imp 8
  Impute RELJCT1
  Update data
  Logistic regression
  Correct data
Tue Mar 12 14:16:31 2024
  Mult 1, Iter 8, Imp 1
  Impute INT_HWY
  Update data
  Logistic regression
  Correct data
Tue Mar 12 14:16:32 2024
  Mult 1, Iter 8, Imp 2
  Impute REL_ROAD
  Update data
  Polytomous regression
  Correct data
Tue Mar 12 14:16:32 2024
  Mult 1, Iter 8, Imp 3
  Impute HOUR
  Update data
  Polytomous regression
  Correct data
Tue Mar 12 14:16:32 2024
  Mult 1, Iter 8, Imp 4
  Impute LGT_COND
  Update data
  Polytomous regression
  Correct data
Tue Mar 12 14:16:33 2024
  Mult 1, Iter 8, Imp 5
  Impute WEATHER
  Update data
  Polytomous regression
  Correct data
Tue Mar 12 14:16:33 2024
  Mult 1, Iter 8, Imp 6
  Impute RELJCT2
  Update data
  Polytomous regression
  Correct data
Tue Mar 12 14:16:34 2024
  Mult 1, Iter 8, Imp 7
  Impute TYP_INT
  Update data
  Polytomous regression
  Correct data
Tue Mar 12 14:16:34 2024
  Mult 1, Iter 8, Imp 8
  Impute RELJCT1
  Update data
  Logistic regression
  Correct data
Tue Mar 12 14:16:34 2024
  Mult 1, Iter 9, Imp 1
  Impute INT_HWY
  Update data
  Logistic regression
  Correct data
Tue Mar 12 14:16:34 2024
  Mult 1, Iter 9, Imp 2
  Impute REL_ROAD
  Update data
  Polytomous regression
  Correct data
Tue Mar 12 14:16:35 2024
  Mult 1, Iter 9, Imp 3
  Impute HOUR
  Update data
  Polytomous regression
  Correct data
Tue Mar 12 14:16:35 2024
  Mult 1, Iter 9, Imp 4
  Impute LGT_COND
  Update data
  Polytomous regression
  Correct data
Tue Mar 12 14:16:36 2024
  Mult 1, Iter 9, Imp 5
  Impute WEATHER
  Update data
  Polytomous regression
  Correct data
Tue Mar 12 14:16:36 2024
  Mult 1, Iter 9, Imp 6
  Impute RELJCT2
  Update data
  Polytomous regression
  Correct data
Tue Mar 12 14:16:37 2024
  Mult 1, Iter 9, Imp 7
  Impute TYP_INT
  Update data
  Polytomous regression
  Correct data
Tue Mar 12 14:16:37 2024
  Mult 1, Iter 9, Imp 8
  Impute RELJCT1
  Update data
  Logistic regression
  Correct data
Tue Mar 12 14:16:37 2024
  Mult 1, Iter 10, Imp 1
  Impute INT_HWY
  Update data
  Logistic regression
  Correct data
Tue Mar 12 14:16:37 2024
  Mult 1, Iter 10, Imp 2
  Impute REL_ROAD
  Update data
  Polytomous regression
  Correct data
Tue Mar 12 14:16:38 2024
  Mult 1, Iter 10, Imp 3
  Impute HOUR
  Update data
  Polytomous regression
  Correct data
Tue Mar 12 14:16:38 2024
  Mult 1, Iter 10, Imp 4
  Impute LGT_COND
  Update data
  Polytomous regression
  Correct data
Tue Mar 12 14:16:39 2024
  Mult 1, Iter 10, Imp 5
  Impute WEATHER
  Update data
  Polytomous regression
  Correct data
Tue Mar 12 14:16:39 2024
  Mult 1, Iter 10, Imp 6
  Impute RELJCT2
  Update data
  Polytomous regression
  Correct data
Tue Mar 12 14:16:40 2024
  Mult 1, Iter 10, Imp 7
  Impute TYP_INT
  Update data
  Polytomous regression
  Correct data
Tue Mar 12 14:16:40 2024
  Mult 1, Iter 10, Imp 8
  Impute RELJCT1
  Update data
  Logistic regression
  Correct data
Tue Mar 12 14:16:40 2024
  Output data
  Warning: Only one code imputed for INT_HWY
  End execution

Tue Mar 12 14:16:40 2024
  Begin Putdata execution
  End execution
