This is pdfTeX, Version 3.141592653-2.6-1.40.22 (TeX Live 2021) (preloaded format=pdflatex 2021.10.6)  7 DEC 2023 03:25
entering extended mode
 restricted \write18 enabled.
 file:line:error style messages enabled.
 %&-line parsing enabled.
**Burkman_Paper_10_11_23.tex
(./Burkman_Paper_10_11_23.tex
LaTeX2e <2020-10-01> patch level 4
L3 programming layer <2021-02-18>
(/usr/local/texlive/2021/texmf-dist/tex/latex/els-cas-templates/cas-sc.cls
Document Class: cas-sc 2020/03/14, 2.1: Formatting class for CAS single column 
articles
\c@blind=\count179
\@bls=\dimen138
(/usr/local/texlive/2021/texmf-dist/tex/latex/base/article.cls
Document Class: article 2020/04/10 v1.4m Standard LaTeX document class
(/usr/local/texlive/2021/texmf-dist/tex/latex/base/fleqn.clo
File: fleqn.clo 2016/12/29 v1.2b Standard LaTeX option (flush left equations)
\mathindent=\skip47
Applying: [2015/01/01] Make \[ robust on input line 50.
LaTeX Info: Redefining \[ on input line 51.
Already applied: [0000/00/00] Make \[ robust on input line 62.
Applying: [2015/01/01] Make \] robust on input line 74.
LaTeX Info: Redefining \] on input line 75.
Already applied: [0000/00/00] Make \] robust on input line 83.
)
(/usr/local/texlive/2021/texmf-dist/tex/latex/base/size10.clo
File: size10.clo 2020/04/10 v1.4m Standard LaTeX file (size option)
)
\c@part=\count180
\c@section=\count181
\c@subsection=\count182
\c@subsubsection=\count183
\c@paragraph=\count184
\c@subparagraph=\count185
\c@figure=\count186
\c@table=\count187
\abovecaptionskip=\skip48
\belowcaptionskip=\skip49
\bibindent=\dimen139
)
(/usr/local/texlive/2021/texmf-dist/tex/latex/graphics/graphicx.sty
Package: graphicx 2020/09/09 v1.2b Enhanced LaTeX Graphics (DPC,SPQR)

(/usr/local/texlive/2021/texmf-dist/tex/latex/graphics/keyval.sty
Package: keyval 2014/10/28 v1.15 key=value parser (DPC)
\KV@toks@=\toks15
)
(/usr/local/texlive/2021/texmf-dist/tex/latex/graphics/graphics.sty
Package: graphics 2020/08/30 v1.4c Standard LaTeX Graphics (DPC,SPQR)

(/usr/local/texlive/2021/texmf-dist/tex/latex/graphics/trig.sty
Package: trig 2016/01/03 v1.10 sin cos tan (DPC)
)
(/usr/local/texlive/2021/texmf-dist/tex/latex/graphics-cfg/graphics.cfg
File: graphics.cfg 2016/06/04 v1.11 sample graphics configuration
)
Package graphics Info: Driver file: pdftex.def on input line 105.

(/usr/local/texlive/2021/texmf-dist/tex/latex/graphics-def/pdftex.def
File: pdftex.def 2020/10/05 v1.2a Graphics/color driver for pdftex
))
\Gin@req@height=\dimen140
\Gin@req@width=\dimen141
)
(/usr/local/texlive/2021/texmf-dist/tex/latex/amsmath/amsmath.sty
Package: amsmath 2020/09/23 v2.17i AMS math features
\@mathmargin=\skip50

For additional information on amsmath, use the `?' option.
(/usr/local/texlive/2021/texmf-dist/tex/latex/amsmath/amstext.sty
Package: amstext 2000/06/29 v2.01 AMS text

(/usr/local/texlive/2021/texmf-dist/tex/latex/amsmath/amsgen.sty
File: amsgen.sty 1999/11/30 v2.0 generic functions
\@emptytoks=\toks16
\ex@=\dimen142
))
(/usr/local/texlive/2021/texmf-dist/tex/latex/amsmath/amsbsy.sty
Package: amsbsy 1999/11/29 v1.2d Bold Symbols
\pmbraise@=\dimen143
)
(/usr/local/texlive/2021/texmf-dist/tex/latex/amsmath/amsopn.sty
Package: amsopn 2016/03/08 v2.02 operator names
)
\inf@bad=\count188
LaTeX Info: Redefining \frac on input line 234.
\uproot@=\count189
\leftroot@=\count190
LaTeX Info: Redefining \overline on input line 399.
\classnum@=\count191
\DOTSCASE@=\count192
LaTeX Info: Redefining \ldots on input line 496.
LaTeX Info: Redefining \dots on input line 499.
LaTeX Info: Redefining \cdots on input line 620.
\Mathstrutbox@=\box47
\strutbox@=\box48
\big@size=\dimen144
LaTeX Font Info:    Redeclaring font encoding OML on input line 743.
LaTeX Font Info:    Redeclaring font encoding OMS on input line 744.
\macc@depth=\count193
\c@MaxMatrixCols=\count194
\dotsspace@=\muskip16
\c@parentequation=\count195
\dspbrk@lvl=\count196
\tag@help=\toks17
\row@=\count197
\column@=\count198
\maxfields@=\count199
\andhelp@=\toks18
\eqnshift@=\dimen145
\alignsep@=\dimen146
\tagshift@=\dimen147
\tagwidth@=\dimen148
\totwidth@=\dimen149
\lineht@=\dimen150
\@envbody=\toks19
\multlinegap=\skip51
\multlinetaggap=\skip52
\mathdisplay@stack=\toks20
LaTeX Info: Redefining \[ on input line 2923.
LaTeX Info: Redefining \] on input line 2924.
)
(/usr/local/texlive/2021/texmf-dist/tex/latex/amsfonts/amsfonts.sty
Package: amsfonts 2013/01/14 v3.01 Basic AMSFonts support
\symAMSa=\mathgroup4
\symAMSb=\mathgroup5
LaTeX Font Info:    Redeclaring math symbol \hbar on input line 98.
LaTeX Font Info:    Overwriting math alphabet `\mathfrak' in version `bold'
(Font)                  U/euf/m/n --> U/euf/b/n on input line 106.
)
(/usr/local/texlive/2021/texmf-dist/tex/latex/amsfonts/amssymb.sty
Package: amssymb 2013/01/14 v3.01 AMS font symbols
)
(/usr/local/texlive/2021/texmf-dist/tex/latex/l3kernel/expl3.sty
Package: expl3 2021-02-18 L3 programming layer (loader) 

(/usr/local/texlive/2021/texmf-dist/tex/latex/l3backend/l3backend-pdftex.def
File: l3backend-pdftex.def 2021-03-18 L3 backend support: PDF output (pdfTeX)
\l__color_backend_stack_int=\count266
\l__pdf_internal_box=\box49
))
(/usr/local/texlive/2021/texmf-dist/tex/latex/l3packages/xparse/xparse.sty
(/usr/local/texlive/2021/texmf-dist/tex/latex/l3packages/xparse/xparse-2020-10-
01.sty
(/usr/local/texlive/2021/texmf-dist/tex/latex/l3packages/xparse/xparse-generic.
tex))) (/usr/local/texlive/2021/texmf-dist/tex/latex/etoolbox/etoolbox.sty
Package: etoolbox 2020/10/05 v2.5k e-TeX tools for LaTeX (JAW)
\etb@tempcnta=\count267
)
(/usr/local/texlive/2021/texmf-dist/tex/latex/booktabs/booktabs.sty
Package: booktabs 2020/01/12 v1.61803398 Publication quality tables
\heavyrulewidth=\dimen151
\lightrulewidth=\dimen152
\cmidrulewidth=\dimen153
\belowrulesep=\dimen154
\belowbottomsep=\dimen155
\aboverulesep=\dimen156
\abovetopsep=\dimen157
\cmidrulesep=\dimen158
\cmidrulekern=\dimen159
\defaultaddspace=\dimen160
\@cmidla=\count268
\@cmidlb=\count269
\@aboverulesep=\dimen161
\@belowrulesep=\dimen162
\@thisruleclass=\count270
\@lastruleclass=\count271
\@thisrulewidth=\dimen163
)
(/usr/local/texlive/2021/texmf-dist/tex/latex/makecell/makecell.sty
Package: makecell 2009/08/03 V0.1e Managing of Tab Column Heads and Cells

(/usr/local/texlive/2021/texmf-dist/tex/latex/tools/array.sty
Package: array 2020/10/01 v2.5c Tabular extension package (FMi)
\col@sep=\dimen164
\ar@mcellbox=\box50
\extrarowheight=\dimen165
\NC@list=\toks21
\extratabsurround=\skip53
\backup@length=\skip54
\ar@cellbox=\box51
)
\rotheadsize=\dimen166
\c@nlinenum=\count272
\TeXr@lab=\toks22
)
(/usr/local/texlive/2021/texmf-dist/tex/latex/multirow/multirow.sty
Package: multirow 2021/03/15 v2.8 Span multiple rows of a table
\multirow@colwidth=\skip55
\multirow@cntb=\count273
\multirow@dima=\skip56
\bigstrutjot=\dimen167
)
(/usr/local/texlive/2021/texmf-dist/tex/latex/colortbl/colortbl.sty
Package: colortbl 2020/01/04 v1.0e Color table columns (DPC)

(/usr/local/texlive/2021/texmf-dist/tex/latex/graphics/color.sty
Package: color 2020/02/24 v1.2b Standard LaTeX Color (DPC)

(/usr/local/texlive/2021/texmf-dist/tex/latex/graphics-cfg/color.cfg
File: color.cfg 2016/01/02 v1.6 sample color configuration
)
Package color Info: Driver file: pdftex.def on input line 147.
)
\everycr=\toks23
\minrowclearance=\skip57
)
(/usr/local/texlive/2021/texmf-dist/tex/latex/tools/dcolumn.sty
Package: dcolumn 2014/10/28 v1.06 decimal alignment package (DPC)
)
(/usr/local/texlive/2021/texmf-dist/tex/latex/sttools/stfloats.sty
Package: stfloats 2017/03/27 v3.3 Improve float mechanism and baselineskip sett
ings
\@dblbotnum=\count274
\c@dblbotnumber=\count275
)
(/usr/local/texlive/2021/texmf-dist/tex/latex/tools/xspace.sty
Package: xspace 2014/10/28 v1.13 Space after command names (DPC,MH)
)
(/usr/local/texlive/2021/texmf-dist/tex/generic/xstring/xstring.sty
(/usr/local/texlive/2021/texmf-dist/tex/generic/xstring/xstring.tex
\integerpart=\count276
\decimalpart=\count277
)
Package: xstring 2019/02/06 v1.83 String manipulations (CT)
)
(/usr/local/texlive/2021/texmf-dist/tex/latex/footmisc/footmisc.sty
Package: footmisc 2011/06/06 v5.5b a miscellany of footnote facilities
\FN@temptoken=\toks24
\footnotemargin=\dimen168
\c@pp@next@reset=\count278
Package footmisc Info: Declaring symbol style bringhurst on input line 855.
Package footmisc Info: Declaring symbol style chicago on input line 863.
Package footmisc Info: Declaring symbol style wiley on input line 872.
Package footmisc Info: Declaring symbol style lamport-robust on input line 883.

Package footmisc Info: Declaring symbol style lamport* on input line 903.
Package footmisc Info: Declaring symbol style lamport*-robust on input line 924
.
)
(/usr/local/texlive/2021/texmf-dist/tex/latex/xcolor/xcolor.sty
Package: xcolor 2016/05/11 v2.12 LaTeX color extensions (UK)

(/usr/local/texlive/2021/texmf-dist/tex/latex/graphics-cfg/color.cfg
File: color.cfg 2016/01/02 v1.6 sample color configuration
)
Package xcolor Info: Driver file: pdftex.def on input line 225.
LaTeX Info: Redefining \color on input line 709.
Package xcolor Info: Model `cmy' substituted by `cmy0' on input line 1348.
Package xcolor Info: Model `hsb' substituted by `rgb' on input line 1352.
Package xcolor Info: Model `RGB' extended on input line 1364.
Package xcolor Info: Model `HTML' substituted by `rgb' on input line 1366.
Package xcolor Info: Model `Hsb' substituted by `hsb' on input line 1367.
Package xcolor Info: Model `tHsb' substituted by `hsb' on input line 1368.
Package xcolor Info: Model `HSB' substituted by `hsb' on input line 1369.
Package xcolor Info: Model `Gray' substituted by `gray' on input line 1370.
Package xcolor Info: Model `wave' substituted by `hsb' on input line 1371.

(/usr/local/texlive/2021/texmf-dist/tex/latex/graphics/dvipsnam.def
File: dvipsnam.def 2016/06/17 v3.0m Driver-dependent file (DPC,SPQR)
)
(/usr/local/texlive/2021/texmf-dist/tex/latex/xcolor/svgnam.def
File: svgnam.def 2016/05/11 v2.12 Predefined colors according to SVG 1.1 (UK)
))
(/usr/local/texlive/2021/texmf-dist/tex/latex/hyperref/hyperref.sty
Package: hyperref 2021-02-27 v7.00k Hypertext links for LaTeX

(/usr/local/texlive/2021/texmf-dist/tex/generic/ltxcmds/ltxcmds.sty
Package: ltxcmds 2020-05-10 v1.25 LaTeX kernel commands for general use (HO)
)
(/usr/local/texlive/2021/texmf-dist/tex/generic/iftex/iftex.sty
Package: iftex 2020/03/06 v1.0d TeX engine tests
)
(/usr/local/texlive/2021/texmf-dist/tex/generic/pdftexcmds/pdftexcmds.sty
Package: pdftexcmds 2020-06-27 v0.33 Utility functions of pdfTeX for LuaTeX (HO
)

(/usr/local/texlive/2021/texmf-dist/tex/generic/infwarerr/infwarerr.sty
Package: infwarerr 2019/12/03 v1.5 Providing info/warning/error messages (HO)
)
Package pdftexcmds Info: \pdf@primitive is available.
Package pdftexcmds Info: \pdf@ifprimitive is available.
Package pdftexcmds Info: \pdfdraftmode found.
)
(/usr/local/texlive/2021/texmf-dist/tex/generic/kvsetkeys/kvsetkeys.sty
Package: kvsetkeys 2019/12/15 v1.18 Key value parser (HO)
)
(/usr/local/texlive/2021/texmf-dist/tex/generic/kvdefinekeys/kvdefinekeys.sty
Package: kvdefinekeys 2019-12-19 v1.6 Define keys (HO)
)
(/usr/local/texlive/2021/texmf-dist/tex/generic/pdfescape/pdfescape.sty
Package: pdfescape 2019/12/09 v1.15 Implements pdfTeX's escape features (HO)
)
(/usr/local/texlive/2021/texmf-dist/tex/latex/hycolor/hycolor.sty
Package: hycolor 2020-01-27 v1.10 Color options for hyperref/bookmark (HO)
)
(/usr/local/texlive/2021/texmf-dist/tex/latex/letltxmacro/letltxmacro.sty
Package: letltxmacro 2019/12/03 v1.6 Let assignment for LaTeX macros (HO)
)
(/usr/local/texlive/2021/texmf-dist/tex/latex/auxhook/auxhook.sty
Package: auxhook 2019-12-17 v1.6 Hooks for auxiliary files (HO)
)
(/usr/local/texlive/2021/texmf-dist/tex/latex/kvoptions/kvoptions.sty
Package: kvoptions 2020-10-07 v3.14 Key value format for package options (HO)
)
\@linkdim=\dimen169
\Hy@linkcounter=\count279
\Hy@pagecounter=\count280

(/usr/local/texlive/2021/texmf-dist/tex/latex/hyperref/pd1enc.def
File: pd1enc.def 2021-02-27 v7.00k Hyperref: PDFDocEncoding definition (HO)
Now handling font encoding PD1 ...
... no UTF-8 mapping file for font encoding PD1
)
(/usr/local/texlive/2021/texmf-dist/tex/latex/hyperref/hyperref-langpatches.def
File: hyperref-langpatches.def 2021-02-27 v7.00k Hyperref: patches for babel la
nguages
) (/usr/local/texlive/2021/texmf-dist/tex/generic/intcalc/intcalc.sty
Package: intcalc 2019/12/15 v1.3 Expandable calculations with integers (HO)
)
(/usr/local/texlive/2021/texmf-dist/tex/generic/etexcmds/etexcmds.sty
Package: etexcmds 2019/12/15 v1.7 Avoid name clashes with e-TeX commands (HO)
)
\Hy@SavedSpaceFactor=\count281

(/usr/local/texlive/2021/texmf-dist/tex/latex/hyperref/puenc.def
File: puenc.def 2021-02-27 v7.00k Hyperref: PDF Unicode definition (HO)
Now handling font encoding PU ...
... no UTF-8 mapping file for font encoding PU
)
Package hyperref Info: Option `colorlinks' set `true' on input line 4073.
Package hyperref Info: Hyper figures OFF on input line 4192.
Package hyperref Info: Link nesting OFF on input line 4197.
Package hyperref Info: Hyper index ON on input line 4200.
Package hyperref Info: Plain pages OFF on input line 4207.
Package hyperref Info: Backreferencing OFF on input line 4212.
Package hyperref Info: Implicit mode ON; LaTeX internals redefined.
Package hyperref Info: Bookmarks ON on input line 4445.
\c@Hy@tempcnt=\count282

(/usr/local/texlive/2021/texmf-dist/tex/latex/url/url.sty
\Urlmuskip=\muskip17
Package: url 2013/09/16  ver 3.4  Verb mode for urls, etc.
)
LaTeX Info: Redefining \url on input line 4804.
\XeTeXLinkMargin=\dimen170

(/usr/local/texlive/2021/texmf-dist/tex/generic/bitset/bitset.sty
Package: bitset 2019/12/09 v1.3 Handle bit-vector datatype (HO)

(/usr/local/texlive/2021/texmf-dist/tex/generic/bigintcalc/bigintcalc.sty
Package: bigintcalc 2019/12/15 v1.5 Expandable calculations on big integers (HO
)
))
\Fld@menulength=\count283
\Field@Width=\dimen171
\Fld@charsize=\dimen172
Package hyperref Info: Hyper figures OFF on input line 6075.
Package hyperref Info: Link nesting OFF on input line 6080.
Package hyperref Info: Hyper index ON on input line 6083.
Package hyperref Info: backreferencing OFF on input line 6090.
Package hyperref Info: Link coloring ON on input line 6093.
Package hyperref Info: Link coloring with OCG OFF on input line 6100.
Package hyperref Info: PDF/A mode OFF on input line 6105.
LaTeX Info: Redefining \ref on input line 6145.
LaTeX Info: Redefining \pageref on input line 6149.

(/usr/local/texlive/2021/texmf-dist/tex/latex/base/atbegshi-ltx.sty
Package: atbegshi-ltx 2020/08/17 v1.0a Emulation of the original atbegshi packa
ge
with kernel methods
)
\Hy@abspage=\count284
\c@Item=\count285
\c@Hfootnote=\count286
)
Package hyperref Info: Driver (autodetected): hpdftex.

(/usr/local/texlive/2021/texmf-dist/tex/latex/hyperref/hpdftex.def
File: hpdftex.def 2021-02-27 v7.00k Hyperref driver for pdfTeX

(/usr/local/texlive/2021/texmf-dist/tex/latex/base/atveryend-ltx.sty
Package: atveryend-ltx 2020/08/19 v1.0a Emulation of the original atvery packag
e
with kernel methods
)
\Fld@listcount=\count287
\c@bookmark@seq@number=\count288

(/usr/local/texlive/2021/texmf-dist/tex/latex/rerunfilecheck/rerunfilecheck.sty
Package: rerunfilecheck 2019/12/05 v1.9 Rerun checks for auxiliary files (HO)

(/usr/local/texlive/2021/texmf-dist/tex/generic/uniquecounter/uniquecounter.sty
Package: uniquecounter 2019/12/15 v1.4 Provide unlimited unique counter (HO)
)
Package uniquecounter Info: New unique counter `rerunfilecheck' on input line 2
86.
)
\Hy@SectionHShift=\skip58
) (./cas-common.sty
\l_stm_title_before_dim=\dimen173
\l_stm_title_after_dim=\dimen174
\g_ead_int=\count289
\g_uad_int=\count290
\@eadauthor=\toks25
\g_stm_tnote_int=\count291
\g_stm_fnote_int=\count292
\g_stm_cor_int=\count293
\g_stm_au_int=\count294
\g_stm_aau_int=\count295
\l_autype_int=\count296
\l_stm_augroup_before_dim=\dimen175
\l_stm_augroup_after_dim=\dimen176
\l_stm_augroup_lskip_tl=\dimen177
\l_stm_augroup_rskip_tl=\dimen178
\g_stm_aff_int=\count297
\g_stm_aff_ext_int=\count298
\g_stm_aff_int_int=\count299
\g_stm_fn_aff_ext_int=\count300
\g_stm_fn_aff_int_int=\count301
\l_stm_aff_before_dim=\dimen179
\l_stm_aff_after_dim=\dimen180
\l_stm_aff_lskip_dim=\dimen181
\l_stm_aff_rskip_dim=\dimen182
\g_stm_augr_int=\count302
\g_stm_aaugr_int=\count303

(/usr/local/texlive/2021/texmf-dist/tex/latex/moreverb/moreverb.sty
Package: moreverb 2008/06/03 v2.3a `more' verbatim facilities

(/usr/local/texlive/2021/texmf-dist/tex/latex/tools/verbatim.sty
Package: verbatim 2020-07-07 v1.5u LaTeX2e package for verbatim enhancements
\every@verbatim=\toks26
\verbatim@line=\toks27
\verbatim@in@stream=\read2
)
\tab@position=\count304
\tab@size=\count305
\listing@line=\count306
)
\g_stm_abs_box=\box52
\casgrabsbox=\box53
\casauhlbox=\box54
\g_stm_key_box=\box55
\g_stm_jtype_int=\count307
\g_stm_blind_int=\count308
\c@au=\count309
\c@cnote=\count310
\c@tnote=\count311
\c@fnote=\count312
\c@aff=\count313
\g_stm_notes_box=\box56
\g_stm_front_box=\box57
\paraindent=\dimen183
\subparaindent=\dimen184
\FullWidth=\dimen185
\l_tbl_width_dim=\dimen186
\l_tbl_abovecap_skip=\skip59
\l_tbl_belowcap_skip=\skip60
\l_tbl_abovetbl_skip=\skip61
\l_tbl_belowtbl_skip=\skip62
\l_fig_width_dim=\dimen187
\cascaptionbox=\box58
\l_fig_abovecap_skip=\skip63
\l_fig_belowcap_skip=\skip64
\l_fig_abovefig_skip=\skip65
\l_fig_belowfig_skip=\skip66

(/usr/local/texlive/2021/texmf-dist/tex/latex/wrapfig/wrapfig.sty
\wrapoverhang=\dimen188
\WF@size=\dimen189
\c@WF@wrappedlines=\count314
\WF@box=\box59
\WF@everypar=\toks28
Package: wrapfig 2003/01/31  v 3.6
)
\l_wrap_figwidth_dim=\dimen190
\l_wrap_fighspace_dim=\dimen191
\l_wrap_figvspace_dim=\dimen192
\l_wrap_fighcorr_dim=\dimen193
\l_wrap_figvcorr_dim=\dimen194
\l_above_bio_dim=\dimen195
\l_wrap_figlcorr_int=\count315
\l_wrap_figlines_int=\count316
\l_bio_text_box=\box60
\c@ca_biography_ctr=\count317
\l_ca_temp_inta=\count318
\leftMargin=\dimen196
\@enLab=\toks29
\@sep=\skip67
\@@sep=\skip68
)
(/usr/local/texlive/2021/texmf-dist/tex/latex/base/fontenc.sty
Package: fontenc 2020/08/10 v2.0s Standard LaTeX package
)
(/usr/local/texlive/2021/texmf-dist/tex/latex/stix/stix.sty
Package: stix 2018/04/17 v1.1.3-latex STIX fonts support package

(/usr/local/texlive/2021/texmf-dist/tex/latex/base/textcomp.sty
Package: textcomp 2020/02/02 v2.0n Standard LaTeX package
LaTeX Font Info:    Changing ? sub-encoding to TS1/0 on input line 75.
)
Now handling font encoding LS1 ...
... no UTF-8 mapping file for font encoding LS1
Now handling font encoding LS2 ...
... no UTF-8 mapping file for font encoding LS2
LaTeX Font Info:    Redeclaring symbol font `letters' on input line 76.
LaTeX Font Info:    Encoding `OML' has changed to `LS1' for symbol font
(Font)              `letters' in the math version `normal' on input line 76.
LaTeX Font Info:    Overwriting symbol font `letters' in version `normal'
(Font)                  OML/cmm/m/it --> LS1/stix/m/it on input line 76.
LaTeX Font Info:    Encoding `OML' has changed to `LS1' for symbol font
(Font)              `letters' in the math version `bold' on input line 76.
LaTeX Font Info:    Overwriting symbol font `letters' in version `bold'
(Font)                  OML/cmm/b/it --> LS1/stix/m/it on input line 76.
LaTeX Font Info:    Redeclaring symbol font `operators' on input line 77.
LaTeX Font Info:    Encoding `OT1' has changed to `LS1' for symbol font
(Font)              `operators' in the math version `normal' on input line 77.
LaTeX Font Info:    Overwriting symbol font `operators' in version `normal'
(Font)                  OT1/cmr/m/n --> LS1/stix/m/n on input line 77.
LaTeX Font Info:    Encoding `OT1' has changed to `LS1' for symbol font
(Font)              `operators' in the math version `bold' on input line 77.
LaTeX Font Info:    Overwriting symbol font `operators' in version `bold'
(Font)                  OT1/cmr/bx/n --> LS1/stix/m/n on input line 77.
\symbold-operators=\mathgroup6
LaTeX Font Info:    Redeclaring symbol font `symbols' on input line 79.
LaTeX Font Info:    Encoding `OMS' has changed to `LS1' for symbol font
(Font)              `symbols' in the math version `normal' on input line 79.
LaTeX Font Info:    Overwriting symbol font `symbols' in version `normal'
(Font)                  OMS/cmsy/m/n --> LS1/stixscr/m/n on input line 79.
LaTeX Font Info:    Encoding `OMS' has changed to `LS1' for symbol font
(Font)              `symbols' in the math version `bold' on input line 79.
LaTeX Font Info:    Overwriting symbol font `symbols' in version `bold'
(Font)                  OMS/cmsy/b/n --> LS1/stixscr/m/n on input line 79.
\symsymbols2=\mathgroup7
\symsymbols3=\mathgroup8
\symsymbols4=\mathgroup9
\symintegrals=\mathgroup10
LaTeX Font Info:    Redeclaring symbol font `largesymbols' on input line 84.
LaTeX Font Info:    Encoding `OMX' has changed to `LS2' for symbol font
(Font)              `largesymbols' in the math version `normal' on input line 8
4.
LaTeX Font Info:    Overwriting symbol font `largesymbols' in version `normal'
(Font)                  OMX/cmex/m/n --> LS2/stixex/m/n on input line 84.
LaTeX Font Info:    Encoding `OMX' has changed to `LS2' for symbol font
(Font)              `largesymbols' in the math version `bold' on input line 84.

LaTeX Font Info:    Overwriting symbol font `largesymbols' in version `bold'
(Font)                  OMX/cmex/m/n --> LS2/stixex/m/n on input line 84.
\symarrows1=\mathgroup11
\symarrows2=\mathgroup12
\symarrows3=\mathgroup13
LaTeX Font Info:    Overwriting symbol font `letters' in version `bold'
(Font)                  LS1/stix/m/it --> LS1/stix/b/it on input line 88.
LaTeX Font Info:    Overwriting symbol font `operators' in version `bold'
(Font)                  LS1/stix/m/n --> LS1/stix/b/n on input line 89.
LaTeX Font Info:    Overwriting symbol font `symbols' in version `bold'
(Font)                  LS1/stixscr/m/n --> LS1/stixscr/b/n on input line 90.
LaTeX Font Info:    Overwriting symbol font `symbols2' in version `bold'
(Font)                  LS1/stixfrak/m/n --> LS1/stixfrak/b/n on input line 91.

LaTeX Font Info:    Overwriting symbol font `symbols3' in version `bold'
(Font)                  LS1/stixbb/m/n --> LS1/stixbb/b/n on input line 92.
LaTeX Font Info:    Overwriting symbol font `symbols4' in version `bold'
(Font)                  LS1/stixbb/m/it --> LS1/stixbb/b/it on input line 93.
LaTeX Font Info:    Overwriting symbol font `integrals' in version `bold'
(Font)                  LS2/stixcal/m/n --> LS2/stixcal/b/n on input line 94.
LaTeX Font Info:    Overwriting symbol font `largesymbols' in version `bold'
(Font)                  LS2/stixex/m/n --> LS2/stixex/b/n on input line 95.
LaTeX Font Info:    Overwriting symbol font `arrows1' in version `bold'
(Font)                  LS1/stixsf/m/n --> LS1/stixsf/b/n on input line 96.
LaTeX Font Info:    Overwriting symbol font `arrows2' in version `bold'
(Font)                  LS1/stixsf/m/it --> LS1/stixsf/b/it on input line 97.
LaTeX Font Info:    Overwriting symbol font `arrows3' in version `bold'
(Font)                  LS2/stixtt/m/n --> LS2/stixtt/b/n on input line 98.
LaTeX Font Info:    Redeclaring math alphabet \mathit on input line 99.
LaTeX Font Info:    Redeclaring math alphabet \mathfrak on input line 102.
LaTeX Font Info:    Redeclaring math alphabet \mathsf on input line 106.
LaTeX Font Info:    Redeclaring math alphabet \mathtt on input line 108.
LaTeX Font Info:    Redeclaring math alphabet \mathbf on input line 109.
LaTeX Info: Redefining \yen on input line 456.
LaTeX Info: Redefining \circledR on input line 458.
LaTeX Info: Redefining \checkmark on input line 460.
LaTeX Info: Redefining \maltese on input line 461.
LaTeX Font Info:    Redeclaring math accent \grave on input line 698.
LaTeX Font Info:    Redeclaring math accent \acute on input line 699.
LaTeX Font Info:    Redeclaring math accent \hat on input line 700.
LaTeX Font Info:    Redeclaring math accent \tilde on input line 701.
LaTeX Font Info:    Redeclaring math accent \bar on input line 702.
LaTeX Font Info:    Redeclaring math accent \breve on input line 703.
LaTeX Font Info:    Redeclaring math accent \dot on input line 704.
LaTeX Font Info:    Redeclaring math accent \ddot on input line 705.
LaTeX Font Info:    Redeclaring math accent \mathring on input line 707.
LaTeX Font Info:    Redeclaring math accent \check on input line 708.
LaTeX Font Info:    Redeclaring math accent \vec on input line 716.
LaTeX Font Info:    Redeclaring math accent \widehat on input line 728.
LaTeX Font Info:    Redeclaring math accent \widetilde on input line 729.
LaTeX Info: Redefining \vdots on input line 1518.
LaTeX Info: Redefining \cdots on input line 1522.
LaTeX Font Info:    Redeclaring math symbol \mathsterling on input line 1978.
LaTeX Info: Redefining \not on input line 2144.
)
(/usr/local/texlive/2021/texmf-dist/tex/latex/geometry/geometry.sty
Package: geometry 2020/01/02 v5.9 Page Geometry

(/usr/local/texlive/2021/texmf-dist/tex/generic/iftex/ifvtex.sty
Package: ifvtex 2019/10/25 v1.7 ifvtex legacy package. Use iftex instead.
)
\Gm@cnth=\count319
\Gm@cntv=\count320
\c@Gm@tempcnt=\count321
\Gm@bindingoffset=\dimen197
\Gm@wd@mp=\dimen198
\Gm@odd@mp=\dimen199
\Gm@even@mp=\dimen256
\Gm@layoutwidth=\dimen257
\Gm@layoutheight=\dimen258
\Gm@layouthoffset=\dimen259
\Gm@layoutvoffset=\dimen260
\Gm@dimlist=\toks30
))
(/usr/local/texlive/2021/texmf-dist/tex/latex/lipsum/lipsum.sty
Package: lipsum 2021-03-03 v2.3 150 paragraphs of Lorem Ipsum dummy text

(/usr/local/texlive/2021/texmf-dist/tex/latex/lipsum/lipsum.ltd.tex
File: lipsum.ltd.tex 2021-03-03 v2.3 The Lorem ipsum dummy text
))
(/usr/local/texlive/2021/texmf-dist/tex/latex/pgf/frontendlayer/tikz.sty
(/usr/local/texlive/2021/texmf-dist/tex/latex/pgf/basiclayer/pgf.sty
(/usr/local/texlive/2021/texmf-dist/tex/latex/pgf/utilities/pgfrcs.sty
(/usr/local/texlive/2021/texmf-dist/tex/generic/pgf/utilities/pgfutil-common.te
x
\pgfutil@everybye=\toks31
\pgfutil@tempdima=\dimen261
\pgfutil@tempdimb=\dimen262

(/usr/local/texlive/2021/texmf-dist/tex/generic/pgf/utilities/pgfutil-common-li
sts.tex))
(/usr/local/texlive/2021/texmf-dist/tex/generic/pgf/utilities/pgfutil-latex.def
\pgfutil@abb=\box61
) (/usr/local/texlive/2021/texmf-dist/tex/generic/pgf/utilities/pgfrcs.code.tex
(/usr/local/texlive/2021/texmf-dist/tex/generic/pgf/pgf.revision.tex)
Package: pgfrcs 2020/12/27 v3.1.8b (3.1.8b)
))
Package: pgf 2020/12/27 v3.1.8b (3.1.8b)

(/usr/local/texlive/2021/texmf-dist/tex/latex/pgf/basiclayer/pgfcore.sty
(/usr/local/texlive/2021/texmf-dist/tex/latex/pgf/systemlayer/pgfsys.sty
(/usr/local/texlive/2021/texmf-dist/tex/generic/pgf/systemlayer/pgfsys.code.tex
Package: pgfsys 2020/12/27 v3.1.8b (3.1.8b)
(/usr/local/texlive/2021/texmf-dist/tex/generic/pgf/utilities/pgfkeys.code.tex
\pgfkeys@pathtoks=\toks32
\pgfkeys@temptoks=\toks33

(/usr/local/texlive/2021/texmf-dist/tex/generic/pgf/utilities/pgfkeysfiltered.c
ode.tex
\pgfkeys@tmptoks=\toks34
))
\pgf@x=\dimen263
\pgf@y=\dimen264
\pgf@xa=\dimen265
\pgf@ya=\dimen266
\pgf@xb=\dimen267
\pgf@yb=\dimen268
\pgf@xc=\dimen269
\pgf@yc=\dimen270
\pgf@xd=\dimen271
\pgf@yd=\dimen272
\w@pgf@writea=\write3
\r@pgf@reada=\read3
\c@pgf@counta=\count322
\c@pgf@countb=\count323
\c@pgf@countc=\count324
\c@pgf@countd=\count325
\t@pgf@toka=\toks35
\t@pgf@tokb=\toks36
\t@pgf@tokc=\toks37
\pgf@sys@id@count=\count326

(/usr/local/texlive/2021/texmf-dist/tex/generic/pgf/systemlayer/pgf.cfg
File: pgf.cfg 2020/12/27 v3.1.8b (3.1.8b)
)
Driver file for pgf: pgfsys-pdftex.def

(/usr/local/texlive/2021/texmf-dist/tex/generic/pgf/systemlayer/pgfsys-pdftex.d
ef
File: pgfsys-pdftex.def 2020/12/27 v3.1.8b (3.1.8b)

(/usr/local/texlive/2021/texmf-dist/tex/generic/pgf/systemlayer/pgfsys-common-p
df.def
File: pgfsys-common-pdf.def 2020/12/27 v3.1.8b (3.1.8b)
)))
(/usr/local/texlive/2021/texmf-dist/tex/generic/pgf/systemlayer/pgfsyssoftpath.
code.tex
File: pgfsyssoftpath.code.tex 2020/12/27 v3.1.8b (3.1.8b)
\pgfsyssoftpath@smallbuffer@items=\count327
\pgfsyssoftpath@bigbuffer@items=\count328
)
(/usr/local/texlive/2021/texmf-dist/tex/generic/pgf/systemlayer/pgfsysprotocol.
code.tex
File: pgfsysprotocol.code.tex 2020/12/27 v3.1.8b (3.1.8b)
))
(/usr/local/texlive/2021/texmf-dist/tex/generic/pgf/basiclayer/pgfcore.code.tex
Package: pgfcore 2020/12/27 v3.1.8b (3.1.8b)
(/usr/local/texlive/2021/texmf-dist/tex/generic/pgf/math/pgfmath.code.tex
(/usr/local/texlive/2021/texmf-dist/tex/generic/pgf/math/pgfmathcalc.code.tex
(/usr/local/texlive/2021/texmf-dist/tex/generic/pgf/math/pgfmathutil.code.tex)
(/usr/local/texlive/2021/texmf-dist/tex/generic/pgf/math/pgfmathparser.code.tex
\pgfmath@dimen=\dimen273
\pgfmath@count=\count329
\pgfmath@box=\box62
\pgfmath@toks=\toks38
\pgfmath@stack@operand=\toks39
\pgfmath@stack@operation=\toks40
)
(/usr/local/texlive/2021/texmf-dist/tex/generic/pgf/math/pgfmathfunctions.code.
tex
(/usr/local/texlive/2021/texmf-dist/tex/generic/pgf/math/pgfmathfunctions.basic
.code.tex)
(/usr/local/texlive/2021/texmf-dist/tex/generic/pgf/math/pgfmathfunctions.trigo
nometric.code.tex)
(/usr/local/texlive/2021/texmf-dist/tex/generic/pgf/math/pgfmathfunctions.rando
m.code.tex)
(/usr/local/texlive/2021/texmf-dist/tex/generic/pgf/math/pgfmathfunctions.compa
rison.code.tex)
(/usr/local/texlive/2021/texmf-dist/tex/generic/pgf/math/pgfmathfunctions.base.
code.tex)
(/usr/local/texlive/2021/texmf-dist/tex/generic/pgf/math/pgfmathfunctions.round
.code.tex)
(/usr/local/texlive/2021/texmf-dist/tex/generic/pgf/math/pgfmathfunctions.misc.
code.tex)
(/usr/local/texlive/2021/texmf-dist/tex/generic/pgf/math/pgfmathfunctions.integ
erarithmetics.code.tex)))
(/usr/local/texlive/2021/texmf-dist/tex/generic/pgf/math/pgfmathfloat.code.tex
\c@pgfmathroundto@lastzeros=\count330
)) (/usr/local/texlive/2021/texmf-dist/tex/generic/pgf/math/pgfint.code.tex)
(/usr/local/texlive/2021/texmf-dist/tex/generic/pgf/basiclayer/pgfcorepoints.co
de.tex
File: pgfcorepoints.code.tex 2020/12/27 v3.1.8b (3.1.8b)
\pgf@picminx=\dimen274
\pgf@picmaxx=\dimen275
\pgf@picminy=\dimen276
\pgf@picmaxy=\dimen277
\pgf@pathminx=\dimen278
\pgf@pathmaxx=\dimen279
\pgf@pathminy=\dimen280
\pgf@pathmaxy=\dimen281
\pgf@xx=\dimen282
\pgf@xy=\dimen283
\pgf@yx=\dimen284
\pgf@yy=\dimen285
\pgf@zx=\dimen286
\pgf@zy=\dimen287
)
(/usr/local/texlive/2021/texmf-dist/tex/generic/pgf/basiclayer/pgfcorepathconst
ruct.code.tex
File: pgfcorepathconstruct.code.tex 2020/12/27 v3.1.8b (3.1.8b)
\pgf@path@lastx=\dimen288
\pgf@path@lasty=\dimen289
)
(/usr/local/texlive/2021/texmf-dist/tex/generic/pgf/basiclayer/pgfcorepathusage
.code.tex
File: pgfcorepathusage.code.tex 2020/12/27 v3.1.8b (3.1.8b)
\pgf@shorten@end@additional=\dimen290
\pgf@shorten@start@additional=\dimen291
)
(/usr/local/texlive/2021/texmf-dist/tex/generic/pgf/basiclayer/pgfcorescopes.co
de.tex
File: pgfcorescopes.code.tex 2020/12/27 v3.1.8b (3.1.8b)
\pgfpic=\box63
\pgf@hbox=\box64
\pgf@layerbox@main=\box65
\pgf@picture@serial@count=\count331
)
(/usr/local/texlive/2021/texmf-dist/tex/generic/pgf/basiclayer/pgfcoregraphicst
ate.code.tex
File: pgfcoregraphicstate.code.tex 2020/12/27 v3.1.8b (3.1.8b)
\pgflinewidth=\dimen292
)
(/usr/local/texlive/2021/texmf-dist/tex/generic/pgf/basiclayer/pgfcoretransform
ations.code.tex
File: pgfcoretransformations.code.tex 2020/12/27 v3.1.8b (3.1.8b)
\pgf@pt@x=\dimen293
\pgf@pt@y=\dimen294
\pgf@pt@temp=\dimen295
)
(/usr/local/texlive/2021/texmf-dist/tex/generic/pgf/basiclayer/pgfcorequick.cod
e.tex
File: pgfcorequick.code.tex 2020/12/27 v3.1.8b (3.1.8b)
)
(/usr/local/texlive/2021/texmf-dist/tex/generic/pgf/basiclayer/pgfcoreobjects.c
ode.tex
File: pgfcoreobjects.code.tex 2020/12/27 v3.1.8b (3.1.8b)
)
(/usr/local/texlive/2021/texmf-dist/tex/generic/pgf/basiclayer/pgfcorepathproce
ssing.code.tex
File: pgfcorepathprocessing.code.tex 2020/12/27 v3.1.8b (3.1.8b)
)
(/usr/local/texlive/2021/texmf-dist/tex/generic/pgf/basiclayer/pgfcorearrows.co
de.tex
File: pgfcorearrows.code.tex 2020/12/27 v3.1.8b (3.1.8b)
\pgfarrowsep=\dimen296
)
(/usr/local/texlive/2021/texmf-dist/tex/generic/pgf/basiclayer/pgfcoreshade.cod
e.tex
File: pgfcoreshade.code.tex 2020/12/27 v3.1.8b (3.1.8b)
\pgf@max=\dimen297
\pgf@sys@shading@range@num=\count332
\pgf@shadingcount=\count333
)
(/usr/local/texlive/2021/texmf-dist/tex/generic/pgf/basiclayer/pgfcoreimage.cod
e.tex
File: pgfcoreimage.code.tex 2020/12/27 v3.1.8b (3.1.8b)

(/usr/local/texlive/2021/texmf-dist/tex/generic/pgf/basiclayer/pgfcoreexternal.
code.tex
File: pgfcoreexternal.code.tex 2020/12/27 v3.1.8b (3.1.8b)
\pgfexternal@startupbox=\box66
))
(/usr/local/texlive/2021/texmf-dist/tex/generic/pgf/basiclayer/pgfcorelayers.co
de.tex
File: pgfcorelayers.code.tex 2020/12/27 v3.1.8b (3.1.8b)
)
(/usr/local/texlive/2021/texmf-dist/tex/generic/pgf/basiclayer/pgfcoretranspare
ncy.code.tex
File: pgfcoretransparency.code.tex 2020/12/27 v3.1.8b (3.1.8b)
)
(/usr/local/texlive/2021/texmf-dist/tex/generic/pgf/basiclayer/pgfcorepatterns.
code.tex
File: pgfcorepatterns.code.tex 2020/12/27 v3.1.8b (3.1.8b)
)
(/usr/local/texlive/2021/texmf-dist/tex/generic/pgf/basiclayer/pgfcorerdf.code.
tex
File: pgfcorerdf.code.tex 2020/12/27 v3.1.8b (3.1.8b)
)))
(/usr/local/texlive/2021/texmf-dist/tex/generic/pgf/modules/pgfmoduleshapes.cod
e.tex
File: pgfmoduleshapes.code.tex 2020/12/27 v3.1.8b (3.1.8b)
\pgfnodeparttextbox=\box67
)
(/usr/local/texlive/2021/texmf-dist/tex/generic/pgf/modules/pgfmoduleplot.code.
tex
File: pgfmoduleplot.code.tex 2020/12/27 v3.1.8b (3.1.8b)
)
(/usr/local/texlive/2021/texmf-dist/tex/latex/pgf/compatibility/pgfcomp-version
-0-65.sty
Package: pgfcomp-version-0-65 2020/12/27 v3.1.8b (3.1.8b)
\pgf@nodesepstart=\dimen298
\pgf@nodesepend=\dimen299
)
(/usr/local/texlive/2021/texmf-dist/tex/latex/pgf/compatibility/pgfcomp-version
-1-18.sty
Package: pgfcomp-version-1-18 2020/12/27 v3.1.8b (3.1.8b)
))
(/usr/local/texlive/2021/texmf-dist/tex/latex/pgf/utilities/pgffor.sty
(/usr/local/texlive/2021/texmf-dist/tex/latex/pgf/utilities/pgfkeys.sty
(/usr/local/texlive/2021/texmf-dist/tex/generic/pgf/utilities/pgfkeys.code.tex)
) (/usr/local/texlive/2021/texmf-dist/tex/latex/pgf/math/pgfmath.sty
(/usr/local/texlive/2021/texmf-dist/tex/generic/pgf/math/pgfmath.code.tex))
(/usr/local/texlive/2021/texmf-dist/tex/generic/pgf/utilities/pgffor.code.tex
Package: pgffor 2020/12/27 v3.1.8b (3.1.8b)

(/usr/local/texlive/2021/texmf-dist/tex/generic/pgf/math/pgfmath.code.tex)
\pgffor@iter=\dimen300
\pgffor@skip=\dimen301
\pgffor@stack=\toks41
\pgffor@toks=\toks42
))
(/usr/local/texlive/2021/texmf-dist/tex/generic/pgf/frontendlayer/tikz/tikz.cod
e.tex
Package: tikz 2020/12/27 v3.1.8b (3.1.8b)

(/usr/local/texlive/2021/texmf-dist/tex/generic/pgf/libraries/pgflibraryplothan
dlers.code.tex
File: pgflibraryplothandlers.code.tex 2020/12/27 v3.1.8b (3.1.8b)
\pgf@plot@mark@count=\count334
\pgfplotmarksize=\dimen302
)
\tikz@lastx=\dimen303
\tikz@lasty=\dimen304
\tikz@lastxsaved=\dimen305
\tikz@lastysaved=\dimen306
\tikz@lastmovetox=\dimen307
\tikz@lastmovetoy=\dimen308
\tikzleveldistance=\dimen309
\tikzsiblingdistance=\dimen310
\tikz@figbox=\box68
\tikz@figbox@bg=\box69
\tikz@tempbox=\box70
\tikz@tempbox@bg=\box71
\tikztreelevel=\count335
\tikznumberofchildren=\count336
\tikznumberofcurrentchild=\count337
\tikz@fig@count=\count338

(/usr/local/texlive/2021/texmf-dist/tex/generic/pgf/modules/pgfmodulematrix.cod
e.tex
File: pgfmodulematrix.code.tex 2020/12/27 v3.1.8b (3.1.8b)
\pgfmatrixcurrentrow=\count339
\pgfmatrixcurrentcolumn=\count340
\pgf@matrix@numberofcolumns=\count341
)
\tikz@expandcount=\count342

(/usr/local/texlive/2021/texmf-dist/tex/generic/pgf/frontendlayer/tikz/librarie
s/tikzlibrarytopaths.code.tex
File: tikzlibrarytopaths.code.tex 2020/12/27 v3.1.8b (3.1.8b)
)))
(/usr/local/texlive/2021/texmf-dist/tex/generic/pgf/frontendlayer/tikz/librarie
s/tikzlibraryshapes.code.tex
File: tikzlibraryshapes.code.tex 2020/12/27 v3.1.8b (3.1.8b)

(/usr/local/texlive/2021/texmf-dist/tex/generic/pgf/frontendlayer/tikz/librarie
s/tikzlibraryshapes.geometric.code.tex
File: tikzlibraryshapes.geometric.code.tex 2020/12/27 v3.1.8b (3.1.8b)

(/usr/local/texlive/2021/texmf-dist/tex/generic/pgf/libraries/shapes/pgflibrary
shapes.geometric.code.tex
File: pgflibraryshapes.geometric.code.tex 2020/12/27 v3.1.8b (3.1.8b)
))
(/usr/local/texlive/2021/texmf-dist/tex/generic/pgf/frontendlayer/tikz/librarie
s/tikzlibraryshapes.misc.code.tex
File: tikzlibraryshapes.misc.code.tex 2020/12/27 v3.1.8b (3.1.8b)

(/usr/local/texlive/2021/texmf-dist/tex/generic/pgf/libraries/shapes/pgflibrary
shapes.misc.code.tex
File: pgflibraryshapes.misc.code.tex 2020/12/27 v3.1.8b (3.1.8b)
))
(/usr/local/texlive/2021/texmf-dist/tex/generic/pgf/frontendlayer/tikz/librarie
s/tikzlibraryshapes.symbols.code.tex
File: tikzlibraryshapes.symbols.code.tex 2020/12/27 v3.1.8b (3.1.8b)

(/usr/local/texlive/2021/texmf-dist/tex/generic/pgf/libraries/shapes/pgflibrary
shapes.symbols.code.tex
File: pgflibraryshapes.symbols.code.tex 2020/12/27 v3.1.8b (3.1.8b)
))
(/usr/local/texlive/2021/texmf-dist/tex/generic/pgf/frontendlayer/tikz/librarie
s/tikzlibraryshapes.arrows.code.tex
File: tikzlibraryshapes.arrows.code.tex 2020/12/27 v3.1.8b (3.1.8b)

(/usr/local/texlive/2021/texmf-dist/tex/generic/pgf/libraries/shapes/pgflibrary
shapes.arrows.code.tex
File: pgflibraryshapes.arrows.code.tex 2020/12/27 v3.1.8b (3.1.8b)
))
(/usr/local/texlive/2021/texmf-dist/tex/generic/pgf/frontendlayer/tikz/librarie
s/tikzlibraryshapes.callouts.code.tex
(/usr/local/texlive/2021/texmf-dist/tex/generic/pgf/libraries/shapes/pgflibrary
shapes.callouts.code.tex))
(/usr/local/texlive/2021/texmf-dist/tex/generic/pgf/frontendlayer/tikz/librarie
s/tikzlibraryshapes.multipart.code.tex
File: tikzlibraryshapes.multipart.code.tex 2020/12/27 v3.1.8b (3.1.8b)

(/usr/local/texlive/2021/texmf-dist/tex/generic/pgf/libraries/shapes/pgflibrary
shapes.multipart.code.tex
File: pgflibraryshapes.multipart.code.tex 2020/12/27 v3.1.8b (3.1.8b)
\pgfnodepartlowerbox=\box72
\pgfnodeparttwobox=\box73
\pgfnodepartthreebox=\box74
\pgfnodepartfourbox=\box75
\pgfnodeparttwentybox=\box76
\pgfnodepartnineteenbox=\box77
\pgfnodeparteighteenbox=\box78
\pgfnodepartseventeenbox=\box79
\pgfnodepartsixteenbox=\box80
\pgfnodepartfifteenbox=\box81
\pgfnodepartfourteenbox=\box82
\pgfnodepartthirteenbox=\box83
\pgfnodeparttwelvebox=\box84
\pgfnodepartelevenbox=\box85
\pgfnodeparttenbox=\box86
\pgfnodepartninebox=\box87
\pgfnodeparteightbox=\box88
\pgfnodepartsevenbox=\box89
\pgfnodepartsixbox=\box90
\pgfnodepartfivebox=\box91
)))
(/usr/local/texlive/2021/texmf-dist/tex/generic/pgf/frontendlayer/tikz/librarie
s/tikzlibrarysnakes.code.tex
File: tikzlibrarysnakes.code.tex 2020/12/27 v3.1.8b (3.1.8b)


Package pgf Warning: Snakes have been superseded by decorations. Please use the
 decoration libraries instead of the snakes library on input line 14.


(/usr/local/texlive/2021/texmf-dist/tex/generic/pgf/frontendlayer/tikz/librarie
s/tikzlibrarydecorations.pathmorphing.code.tex
(/usr/local/texlive/2021/texmf-dist/tex/generic/pgf/frontendlayer/tikz/librarie
s/tikzlibrarydecorations.code.tex
(/usr/local/texlive/2021/texmf-dist/tex/generic/pgf/modules/pgfmoduledecoration
s.code.tex
\pgfdecoratedcompleteddistance=\dimen311
\pgfdecoratedremainingdistance=\dimen312
\pgfdecoratedinputsegmentcompleteddistance=\dimen313
\pgfdecoratedinputsegmentremainingdistance=\dimen314
\pgf@decorate@distancetomove=\dimen315
\pgf@decorate@repeatstate=\count343
\pgfdecorationsegmentamplitude=\dimen316
\pgfdecorationsegmentlength=\dimen317
)
\tikz@lib@dec@box=\box92
)
(/usr/local/texlive/2021/texmf-dist/tex/generic/pgf/libraries/decorations/pgfli
brarydecorations.pathmorphing.code.tex))
(/usr/local/texlive/2021/texmf-dist/tex/generic/pgf/frontendlayer/tikz/librarie
s/tikzlibrarydecorations.pathreplacing.code.tex
(/usr/local/texlive/2021/texmf-dist/tex/generic/pgf/libraries/decorations/pgfli
brarydecorations.pathreplacing.code.tex))
(/usr/local/texlive/2021/texmf-dist/tex/generic/pgf/frontendlayer/tikz/librarie
s/tikzlibrarydecorations.shapes.code.tex
(/usr/local/texlive/2021/texmf-dist/tex/generic/pgf/libraries/decorations/pgfli
brarydecorations.shapes.code.tex)))
(/usr/local/texlive/2021/texmf-dist/tex/generic/pgf/frontendlayer/tikz/librarie
s/tikzlibrarycalc.code.tex
File: tikzlibrarycalc.code.tex 2020/12/27 v3.1.8b (3.1.8b)
)
(/usr/local/texlive/2021/texmf-dist/tex/latex/tools/longtable.sty
Package: longtable 2020/01/07 v4.13 Multi-page Table package (DPC)
\LTleft=\skip69
\LTright=\skip70
\LTpre=\skip71
\LTpost=\skip72
\LTchunksize=\count344
\LTcapwidth=\dimen318
\LT@head=\box93
\LT@firsthead=\box94
\LT@foot=\box95
\LT@lastfoot=\box96
\LT@cols=\count345
\LT@rows=\count346
\c@LT@tables=\count347
\c@LT@chunks=\count348
\LT@p@ftn=\toks43
)
(/usr/local/texlive/2021/texmf-dist/tex/latex/natbib/natbib.sty
Package: natbib 2010/09/13 8.31b (PWD, AO)
\bibhang=\skip73
\bibsep=\skip74
LaTeX Info: Redefining \cite on input line 694.
\c@NAT@ctr=\count349
)
LaTeX Font Info:    Trying to load font information for T1+stix on input line 4
9.

(/usr/local/texlive/2021/texmf-dist/tex/latex/stix/t1stix.fd
File: t1stix.fd 2015/04/17 v1.1.2-latex STIX T1 font definitions
)
(./Burkman_Paper_10_11_23.aux

LaTeX Warning: Label `Marginal' multiply defined.


LaTeX Warning: Label `Methods' multiply defined.

)
\openout1 = `Burkman_Paper_10_11_23.aux'.

LaTeX Font Info:    Checking defaults for OML/cmm/m/it on input line 49.
LaTeX Font Info:    ... okay on input line 49.
LaTeX Font Info:    Checking defaults for OMS/cmsy/m/n on input line 49.
LaTeX Font Info:    ... okay on input line 49.
LaTeX Font Info:    Checking defaults for OT1/cmr/m/n on input line 49.
LaTeX Font Info:    ... okay on input line 49.
LaTeX Font Info:    Checking defaults for T1/cmr/m/n on input line 49.
LaTeX Font Info:    ... okay on input line 49.
LaTeX Font Info:    Checking defaults for TS1/cmr/m/n on input line 49.
LaTeX Font Info:    ... okay on input line 49.
LaTeX Font Info:    Checking defaults for OMX/cmex/m/n on input line 49.
LaTeX Font Info:    ... okay on input line 49.
LaTeX Font Info:    Checking defaults for U/cmr/m/n on input line 49.
LaTeX Font Info:    ... okay on input line 49.
LaTeX Font Info:    Checking defaults for PD1/pdf/m/n on input line 49.
LaTeX Font Info:    ... okay on input line 49.
LaTeX Font Info:    Checking defaults for PU/pdf/m/n on input line 49.
LaTeX Font Info:    ... okay on input line 49.
LaTeX Font Info:    Checking defaults for LS1/stix/m/n on input line 49.
LaTeX Font Info:    Trying to load font information for LS1+stix on input line 
49.
 (/usr/local/texlive/2021/texmf-dist/tex/latex/stix/ls1stix.fd
File: ls1stix.fd 2015/04/17 v1.1.2-latex STIX LS1 font definitions
)
LaTeX Font Info:    ... okay on input line 49.
LaTeX Font Info:    Checking defaults for LS2/stix/m/n on input line 49.
LaTeX Font Info:    Trying to load font information for LS2+stix on input line 
49.

(/usr/local/texlive/2021/texmf-dist/tex/latex/stix/ls2stix.fd
File: ls2stix.fd 2015/04/17 v1.1.2-latex STIX LS2 font definitions
)
LaTeX Font Info:    ... okay on input line 49.

(/usr/local/texlive/2021/texmf-dist/tex/context/base/mkii/supp-pdf.mkii
[Loading MPS to PDF converter (version 2006.09.02).]
\scratchcounter=\count350
\scratchdimen=\dimen319
\scratchbox=\box97
\nofMPsegments=\count351
\nofMParguments=\count352
\everyMPshowfont=\toks44
\MPscratchCnt=\count353
\MPscratchDim=\dimen320
\MPnumerator=\count354
\makeMPintoPDFobject=\count355
\everyMPtoPDFconversion=\toks45
) (/usr/local/texlive/2021/texmf-dist/tex/latex/epstopdf-pkg/epstopdf-base.sty
Package: epstopdf-base 2020-01-24 v2.11 Base part for package epstopdf

(/usr/local/texlive/2021/texmf-dist/tex/latex/grfext/grfext.sty
Package: grfext 2019/12/03 v1.3 Manage graphics extensions (HO)
)
Package epstopdf-base Info: Redefining graphics rule for `.eps' on input line 4
85.
Package grfext Info: Graphics extension search list:
(grfext)             [.pdf,.png,.jpg,.mps,.jpeg,.jbig2,.jb2,.PDF,.PNG,.JPG,.JPE
G,.JBIG2,.JB2,.eps]
(grfext)             \AppendGraphicsExtensions on input line 504.

(/usr/local/texlive/2021/texmf-dist/tex/latex/latexconfig/epstopdf-sys.cfg
File: epstopdf-sys.cfg 2010/07/13 v1.3 Configuration of (r)epstopdf for TeX Liv
e
))
Package hyperref Info: Link coloring ON on input line 49.

(/usr/local/texlive/2021/texmf-dist/tex/latex/hyperref/nameref.sty
Package: nameref 2021-04-02 v2.47 Cross-referencing by name of section

(/usr/local/texlive/2021/texmf-dist/tex/latex/refcount/refcount.sty
Package: refcount 2019/12/15 v3.6 Data extraction from label references (HO)
)
(/usr/local/texlive/2021/texmf-dist/tex/generic/gettitlestring/gettitlestring.s
ty
Package: gettitlestring 2019/12/15 v1.6 Cleanup title references (HO)
)
\c@section@level=\count356
)
LaTeX Info: Redefining \ref on input line 49.
LaTeX Info: Redefining \pageref on input line 49.
LaTeX Info: Redefining \nameref on input line 49.
 (./Burkman_Paper_10_11_23.out) (./Burkman_Paper_10_11_23.out)
\@outlinefile=\write4
\openout4 = `Burkman_Paper_10_11_23.out'.


*geometry* driver: auto-detecting
*geometry* detected driver: pdftex
*geometry* verbose mode - [ preamble ] result:
* driver: pdftex
* paper: custom
* layout: <same size as paper>
* layoutoffset:(h,v)=(0.0pt,0.0pt)
* modes: 
* h-part:(L,W,R)=(38.98026pt, 468.3324pt, 38.98026pt)
* v-part:(T,H,B)=(54.06023pt, 637.34175pt, 54.06023pt)
* \paperwidth=546.29291pt
* \paperheight=745.4622pt
* \textwidth=468.3324pt
* \textheight=637.34175pt
* \oddsidemargin=-33.28973pt
* \evensidemargin=-33.28973pt
* \topmargin=-42.20976pt
* \headheight=12.0pt
* \headsep=12.0pt
* \topskip=10.0pt
* \footskip=12.0pt
* \marginparwidth=65.0pt
* \marginparsep=11.0pt
* \columnsep=10.0pt
* \skip\footins=9.0pt plus 4.0pt minus 2.0pt
* \hoffset=0.0pt
* \voffset=0.0pt
* \mag=1000
* \@twocolumnfalse
* \@twosidefalse
* \@mparswitchfalse
* \@reversemarginfalse
* (1in=72.27pt=25.4mm, 1cm=28.453pt)

\verbatim@out=\write5
\openout5 = `Burkman_Paper_10_11_23.abs'.

LaTeX Font Info:    Trying to load font information for TS1+stix on input line 
197.
(/usr/local/texlive/2021/texmf-dist/tex/latex/stix/ts1stix.fd
File: ts1stix.fd 2015/04/17 v1.1.2-latex STIX TS1 font definitions
) [0

{/usr/local/texlive/2021/texmf-var/fonts/map/pdftex/updmap/pdftex.map}]
LaTeX Font Info:    Trying to load font information for LS1+stixscr on input li
ne 218.

(/usr/local/texlive/2021/texmf-dist/tex/latex/stix/ls1stixscr.fd
File: ls1stixscr.fd 2015/04/17 v1.1.2-latex STIX script LS1 font definitions
)
LaTeX Font Info:    Trying to load font information for LS2+stixex on input lin
e 218.

(/usr/local/texlive/2021/texmf-dist/tex/latex/stix/ls2stixex.fd
File: ls2stixex.fd 2015/04/17 v1.1.2-latex STIX extentions LS2 font definitions

)
LaTeX Font Info:    Trying to load font information for U+msa on input line 218
.

(/usr/local/texlive/2021/texmf-dist/tex/latex/amsfonts/umsa.fd
File: umsa.fd 2013/01/14 v3.01 AMS symbols A
)
LaTeX Font Info:    Trying to load font information for U+msb on input line 218
.

(/usr/local/texlive/2021/texmf-dist/tex/latex/amsfonts/umsb.fd
File: umsb.fd 2013/01/14 v3.01 AMS symbols B
)
LaTeX Font Info:    Trying to load font information for LS1+stixfrak on input l
ine 218.

(/usr/local/texlive/2021/texmf-dist/tex/latex/stix/ls1stixfrak.fd
File: ls1stixfrak.fd 2015/04/17 v1.1.2-latex STIX fraktur LS1 font definitions
)
LaTeX Font Info:    Trying to load font information for LS1+stixbb on input lin
e 218.

(/usr/local/texlive/2021/texmf-dist/tex/latex/stix/ls1stixbb.fd
File: ls1stixbb.fd 2015/04/17 v1.1.2-latex STIX blackboard LS1 font definitions

)
LaTeX Font Info:    Trying to load font information for LS2+stixcal on input li
ne 218.

(/usr/local/texlive/2021/texmf-dist/tex/latex/stix/ls2stixcal.fd
File: ls2stixcal.fd 2015/04/17 v1.1.2-latex STIX calligraphic LS2 font definiti
ons
)
LaTeX Font Info:    Trying to load font information for LS1+stixsf on input lin
e 218.

(/usr/local/texlive/2021/texmf-dist/tex/latex/stix/ls1stixsf.fd
File: ls1stixsf.fd 2015/04/17 v1.1.2-latex STIX sans-serif LS1 font definitions

)
LaTeX Font Info:    Trying to load font information for LS2+stixtt on input lin
e 218.

(/usr/local/texlive/2021/texmf-dist/tex/latex/stix/ls2stixtt.fd
File: ls2stixtt.fd 2015/04/17 v1.1.2-latex STIX typewriter LS2 font definitions

)
Overfull \hbox (117.0831pt too wide) detected at line 218
[]
 []

(./Burkman_Paper_10_11_23.abs)

Package hyperref Warning: Ignoring empty anchor on input line 218.

<thumbnails/cas-email.jpeg, id=15, 225.84375pt x 225.84375pt>
File: thumbnails/cas-email.jpeg Graphic file (type jpg)
<use thumbnails/cas-email.jpeg>
Package pdftex.def Info: thumbnails/cas-email.jpeg  used on input line 218.
(pdftex.def)             Requested size: 7.99838pt x 8.0pt.
LaTeX Font Info:    Trying to load font information for T1+cmtt on input line 2
18.
(/usr/local/texlive/2021/texmf-dist/tex/latex/base/t1cmtt.fd
File: t1cmtt.fd 2019/12/16 v2.5j Standard LaTeX font definitions
)

Package hyperref Warning: Ignoring empty anchor on input line 218.

(./Burkman_Paper_10_11_23.toc
LaTeX Font Info:    Trying to load font information for T1+cmss on input line 4
.

(/usr/local/texlive/2021/texmf-dist/tex/latex/base/t1cmss.fd
File: t1cmss.fd 2019/12/16 v2.5j Standard LaTeX font definitions
) [1 <./thumbnails/cas-email.jpeg>] [2])
\tf@toc=\write6
\openout6 = `Burkman_Paper_10_11_23.toc'.

 (./Marginal.tex

Package natbib Warning: Citation `Niculescu-Mizil_2005' on page 3 undefined on 
input line 6.


Overfull \hbox (19.32042pt too wide) in paragraph at lines 14--15
[]\T1/stix/m/n/10 From sklearn doc-u-men-ta-tion [][]$\T1/cmtt/m/n/10 https : /
 / scikit-[]learn . org / stable / modules / calibration . html # calibration$[
][] 
 []

) (./Introduction.tex [3] [4] [5]) (./Precision_Total_Marginal.tex [6] [7]
[8] (../Keras/Images/BRFC_5_Fold_alpha_0_5_Hard_Test_Pred_Wide.pgf)
(../Keras/Images/BRFC_5_Fold_alpha_0_5_Hard_Test_ROC.pgf)
Overfull \hbox (16.03403pt too wide) in paragraph at lines 376--196
[][] 
 []

) (./Marginal.tex

Package natbib Warning: Citation `Niculescu-Mizil_2005' on page 9 undefined on 
input line 6.


Overfull \hbox (19.32042pt too wide) in paragraph at lines 14--15
[]\T1/stix/m/n/10 From sklearn doc-u-men-ta-tion [][]$\T1/cmtt/m/n/10 https : /
 / scikit-[]learn . org / stable / modules / calibration . html # calibration$[
][] 
 []

) (./Lit_Review.tex) (./Methods_for_TRpC.tex [9]
Overfull \hbox (36.40228pt too wide) in paragraph at lines 37--40
[]\T1/stix/m/n/10 For full de-tails, see [][]\T1/cmtt/m/n/10 Ambulance_Dispatch
_02_Correlation.ipynb []\T1/stix/m/n/10 and [][]\T1/cmtt/m/n/10 Ambulance_Dispa
tch_03_Bin_Data.ipynb[]\T1/stix/m/n/10 . 
 []

[10]) (./Methods.tex
LaTeX Font Info:    Calculating math sizes for size <11> on input line 32.
 [11]
(../Keras/Images/Ideal_Shift_to_FP_equals_r_TP_Pred_Wide.pgf)
Overfull \vbox (2.56pt too high) detected at line 126
 []


Overfull \hbox (15.0pt too wide) in paragraph at lines 126--127
[]$[]$ 
 []

[12]
Overfull \vbox (2.56pt too high) detected at line 169
 []


Overfull \hbox (15.0pt too wide) in paragraph at lines 169--170
[]$[]$ 
 []

[13] [14] [15]
Overfull \vbox (2.56pt too high) detected at line 428
 []


Overfull \hbox (15.0pt too wide) in paragraph at lines 428--429
[]$[]$ 
 []

[16]) (./Analysis_of_Results.tex [17]
(../Keras/Images/BRFC_5_Fold_alpha_0_5_Hard_Test_Pred_Wide.pgf)
(../Keras/Images/BRFC_5_Fold_alpha_0_5_Hard_Test_ROC.pgf)
Overfull \hbox (16.03403pt too wide) in paragraph at lines 376--50
[][]| 
 []

(../Keras/Images/AdaBoost_5_Fold_Hard_Test_Pred_Wide.pgf)
(../Keras/Images/AdaBoost_5_Fold_Hard_Test_ROC.pgf)
Overfull \hbox (16.03403pt too wide) in paragraph at lines 1258--80
[][]| 
 []

[18] (../Keras/Images/AdaBoost_5_Fold_Hard_Test_Transformed_100_Pred_Wide.pgf)
(../Keras/Images/AdaBoost_5_Fold_Hard_Test_Transformed_100_ROC.pgf)
Overfull \hbox (16.03403pt too wide) in paragraph at lines 1258--104
[][]| 
 []

(../Keras/Images/AdaBoost_5_Fold_Hard_Test_Transformed_98_Pred_Wide.pgf)
(../Keras/Images/AdaBoost_5_Fold_Hard_Test_Transformed_98_ROC.pgf)
Overfull \hbox (16.03403pt too wide) in paragraph at lines 1253--124
[][]| 
 []

[19] (../Keras/Images/KBFC_5_Fold_alpha_0_5_gamma_0_0_Hard_Test_Pred_Wide.pgf)
(../Keras/Images/KBFC_5_Fold_alpha_0_5_gamma_0_0_Hard_Test_ROC.pgf)
Overfull \hbox (16.03403pt too wide) in paragraph at lines 1232--149
[][]| 
 []

(../Keras/Images/KBFC_5_Fold_alpha_balanced_gamma_0_0_Hard_Test_Pred_Wide.pgf)
(../Keras/Images/KBFC_5_Fold_alpha_balanced_gamma_0_0_Hard_Test_ROC.pgf)
Overfull \hbox (16.03403pt too wide) in paragraph at lines 1249--172
[][]| 
 []

(../Keras/Images/BalBag_5_Fold_Hard_Test_Pred_Wide.pgf)
(../Keras/Images/BalBag_5_Fold_Hard_Test_ROC.pgf)
Overfull \hbox (16.03403pt too wide) in paragraph at lines 351--195
[][]| 
 []

[20]) (./Discussion.tex) (./Future_Work.tex) (./Notes.tex)
(./Henry_07_22_23.tex [21] [22] [23] [24]
(../Keras/Images/BRFC_5_Fold_alpha_0_5_Hard_Test_Pred_Wide.pgf)
(../Keras/Images/BRFC_5_Fold_alpha_0_5_Hard_Test_ROC.pgf)
Overfull \hbox (16.03403pt too wide) in paragraph at lines 376--217
[][] 
 []

[25] [26] [27] [28] [29]) [30] (./Results_11_21_23.tex
(../Keras/Images/RFC_5_Fold_Hard_Test_Pred_Wide.pgf)
(../Keras/Images/RFC_5_Fold_Hard_Test_ROC.pgf)
Overfull \hbox (16.03403pt too wide) in paragraph at lines 1136--20
[][] 
 []

(../Keras/Analyze_Proba/RFC_5_Fold_Hard_Test_20.tex) [31]
(../Keras/Images/RFC_5_Fold_Hard_Test_Transformed_100_Pred_Wide.pgf)
(../Keras/Images/RFC_5_Fold_Hard_Test_Transformed_100_ROC.pgf)
Overfull \hbox (16.03403pt too wide) in paragraph at lines 1136--46
[][] 
 []

(../Keras/Analyze_Proba/RFC_5_Fold_Hard_Test_Transformed_100_20.tex) [32]
(../Keras/Images/RFC_5_Fold_Hard_Test_Transformed_98_Pred_Wide.pgf)
(../Keras/Images/RFC_5_Fold_Hard_Test_Transformed_98_ROC.pgf)
Overfull \hbox (16.03403pt too wide) in paragraph at lines 1132--72
[][] 
 []

(../Keras/Analyze_Proba/RFC_5_Fold_Hard_Test_Transformed_98_20.tex) [33]
(../Keras/Images/RFC_5_Fold_Hard_Test_Transformed_95_Pred_Wide.pgf)
(../Keras/Images/RFC_5_Fold_Hard_Test_Transformed_95_ROC.pgf)
Overfull \hbox (16.03403pt too wide) in paragraph at lines 1107--98
[][] 
 []

(../Keras/Analyze_Proba/RFC_5_Fold_Hard_Test_Transformed_95_20.tex) [34]
(../Keras/Images/BRFC_5_Fold_alpha_0_5_Hard_Test_Pred_Wide.pgf)
(../Keras/Images/BRFC_5_Fold_alpha_0_5_Hard_Test_ROC.pgf)
Overfull \hbox (16.03403pt too wide) in paragraph at lines 376--125
[][] 
 []

(../Keras/Analyze_Proba/BRFC_5_Fold_alpha_0_5_Hard_Test_20.tex) [35]
(../Keras/Images/BRFC_5_Fold_alpha_0_5_Hard_Test_Transformed_100_Pred_Wide.pgf)
(../Keras/Images/BRFC_5_Fold_alpha_0_5_Hard_Test_Transformed_100_ROC.pgf)
Overfull \hbox (16.03403pt too wide) in paragraph at lines 376--151
[][] 
 []

(../Keras/Analyze_Proba/BRFC_5_Fold_alpha_0_5_Hard_Test_Transformed_100_20.tex)
[36]
(../Keras/Images/BRFC_5_Fold_alpha_0_5_Hard_Test_Transformed_98_Pred_Wide.pgf)
(../Keras/Images/BRFC_5_Fold_alpha_0_5_Hard_Test_Transformed_98_ROC.pgf)
Overfull \hbox (16.03403pt too wide) in paragraph at lines 376--177
[][] 
 []

(../Keras/Analyze_Proba/BRFC_5_Fold_alpha_0_5_Hard_Test_Transformed_98_20.tex)
[37]
(../Keras/Images/BRFC_5_Fold_alpha_0_5_Hard_Test_Transformed_95_Pred_Wide.pgf)
(../Keras/Images/BRFC_5_Fold_alpha_0_5_Hard_Test_Transformed_95_ROC.pgf)
Overfull \hbox (16.03403pt too wide) in paragraph at lines 377--203
[][] 
 []

(../Keras/Analyze_Proba/BRFC_5_Fold_alpha_0_5_Hard_Test_Transformed_95_20.tex)
[38] (../Keras/Images/BRFC_5_Fold_alpha_balanced_Hard_Test_Pred_Wide.pgf)
(../Keras/Images/BRFC_5_Fold_alpha_balanced_Hard_Test_ROC.pgf)
Overfull \hbox (16.03403pt too wide) in paragraph at lines 377--231
[][] 
 []

(../Keras/Analyze_Proba/BRFC_5_Fold_alpha_balanced_Hard_Test_20.tex) [39]
(../Keras/Images/BRFC_5_Fold_alpha_balanced_Hard_Test_Transformed_100_Pred_Wide
.pgf)
(../Keras/Images/BRFC_5_Fold_alpha_balanced_Hard_Test_Transformed_100_ROC.pgf)
Overfull \hbox (16.03403pt too wide) in paragraph at lines 377--257
[][] 
 []


(../Keras/Analyze_Proba/BRFC_5_Fold_alpha_balanced_Hard_Test_Transformed_100_20
.tex) [40]
(../Keras/Images/BRFC_5_Fold_alpha_balanced_Hard_Test_Transformed_98_Pred_Wide.
pgf)
(../Keras/Images/BRFC_5_Fold_alpha_balanced_Hard_Test_Transformed_98_ROC.pgf)
Overfull \hbox (16.03403pt too wide) in paragraph at lines 376--283
[][] 
 []


(../Keras/Analyze_Proba/BRFC_5_Fold_alpha_balanced_Hard_Test_Transformed_98_20.
tex) [41]
(../Keras/Images/BRFC_5_Fold_alpha_balanced_Hard_Test_Transformed_95_Pred_Wide.
pgf)
(../Keras/Images/BRFC_5_Fold_alpha_balanced_Hard_Test_Transformed_95_ROC.pgf)
Overfull \hbox (16.03403pt too wide) in paragraph at lines 378--309
[][] 
 []


(../Keras/Analyze_Proba/BRFC_5_Fold_alpha_balanced_Hard_Test_Transformed_95_20.
tex) [42] (../Keras/Images/LogReg_5_Fold_alpha_0_5_Hard_Test_Pred_Wide.pgf)
(../Keras/Images/LogReg_5_Fold_alpha_0_5_Hard_Test_ROC.pgf)
Overfull \hbox (16.03403pt too wide) in paragraph at lines 1248--336
[][] 
 []

(../Keras/Analyze_Proba/LogReg_5_Fold_alpha_0_5_Hard_Test_20.tex) [43]
(../Keras/Images/LogReg_5_Fold_alpha_0_5_Hard_Test_Transformed_100_Pred_Wide.pg
f) (../Keras/Images/LogReg_5_Fold_alpha_0_5_Hard_Test_Transformed_100_ROC.pgf)
Overfull \hbox (16.03403pt too wide) in paragraph at lines 1248--362
[][] 
 []


(../Keras/Analyze_Proba/LogReg_5_Fold_alpha_0_5_Hard_Test_Transformed_100_20.te
x) [44]
(../Keras/Images/LogReg_5_Fold_alpha_0_5_Hard_Test_Transformed_98_Pred_Wide.pgf
) (../Keras/Images/LogReg_5_Fold_alpha_0_5_Hard_Test_Transformed_98_ROC.pgf)
Overfull \hbox (16.03403pt too wide) in paragraph at lines 1245--388
[][] 
 []


(../Keras/Analyze_Proba/LogReg_5_Fold_alpha_0_5_Hard_Test_Transformed_98_20.tex
) [45]
(../Keras/Images/LogReg_5_Fold_alpha_0_5_Hard_Test_Transformed_95_Pred_Wide.pgf
) (../Keras/Images/LogReg_5_Fold_alpha_0_5_Hard_Test_Transformed_95_ROC.pgf)
Overfull \hbox (16.03403pt too wide) in paragraph at lines 1239--414
[][] 
 []


(../Keras/Analyze_Proba/LogReg_5_Fold_alpha_0_5_Hard_Test_Transformed_95_20.tex
) [46] (../Keras/Images/LogReg_5_Fold_alpha_balanced_Hard_Test_Pred_Wide.pgf)
(../Keras/Images/LogReg_5_Fold_alpha_balanced_Hard_Test_ROC.pgf)
Overfull \hbox (16.03403pt too wide) in paragraph at lines 1254--440
[][] 
 []

(../Keras/Analyze_Proba/LogReg_5_Fold_alpha_balanced_Hard_Test_20.tex) [47]
(../Keras/Images/LogReg_5_Fold_alpha_balanced_Hard_Test_Transformed_100_Pred_Wi
de.pgf)
(../Keras/Images/LogReg_5_Fold_alpha_balanced_Hard_Test_Transformed_100_ROC.pgf
)
Overfull \hbox (16.03403pt too wide) in paragraph at lines 1254--466
[][] 
 []


(../Keras/Analyze_Proba/LogReg_5_Fold_alpha_balanced_Hard_Test_Transformed_100_
20.tex) [48]
(../Keras/Images/LogReg_5_Fold_alpha_balanced_Hard_Test_Transformed_98_Pred_Wid
e.pgf)
(../Keras/Images/LogReg_5_Fold_alpha_balanced_Hard_Test_Transformed_98_ROC.pgf)

Overfull \hbox (16.03403pt too wide) in paragraph at lines 1250--492
[][] 
 []


(../Keras/Analyze_Proba/LogReg_5_Fold_alpha_balanced_Hard_Test_Transformed_98_2
0.tex) [49]
(../Keras/Images/LogReg_5_Fold_alpha_balanced_Hard_Test_Transformed_95_Pred_Wid
e.pgf)
(../Keras/Images/LogReg_5_Fold_alpha_balanced_Hard_Test_Transformed_95_ROC.pgf)

Overfull \hbox (16.03403pt too wide) in paragraph at lines 1244--518
[][] 
 []


(../Keras/Analyze_Proba/LogReg_5_Fold_alpha_balanced_Hard_Test_Transformed_95_2
0.tex) [50] (../Keras/Images/AdaBoost_5_Fold_Hard_Test_Pred_Wide.pgf)
(../Keras/Images/AdaBoost_5_Fold_Hard_Test_ROC.pgf)
Overfull \hbox (16.03403pt too wide) in paragraph at lines 1258--544
[][] 
 []

(../Keras/Analyze_Proba/AdaBoost_5_Fold_Hard_Test_20.tex) [51]
(../Keras/Images/AdaBoost_5_Fold_Hard_Test_Transformed_100_Pred_Wide.pgf)
(../Keras/Images/AdaBoost_5_Fold_Hard_Test_Transformed_100_ROC.pgf)
Overfull \hbox (16.03403pt too wide) in paragraph at lines 1258--570
[][] 
 []

(../Keras/Analyze_Proba/AdaBoost_5_Fold_Hard_Test_Transformed_100_20.tex)
[52] (../Keras/Images/AdaBoost_5_Fold_Hard_Test_Transformed_98_Pred_Wide.pgf)
(../Keras/Images/AdaBoost_5_Fold_Hard_Test_Transformed_98_ROC.pgf)
Overfull \hbox (16.03403pt too wide) in paragraph at lines 1253--596
[][] 
 []

(../Keras/Analyze_Proba/AdaBoost_5_Fold_Hard_Test_Transformed_98_20.tex)
[53] (../Keras/Images/AdaBoost_5_Fold_Hard_Test_Transformed_95_Pred_Wide.pgf)
(../Keras/Images/AdaBoost_5_Fold_Hard_Test_Transformed_95_ROC.pgf)
Overfull \hbox (16.03403pt too wide) in paragraph at lines 1245--622
[][] 
 []

(../Keras/Analyze_Proba/AdaBoost_5_Fold_Hard_Test_Transformed_95_20.tex)
[54] (../Keras/Images/BalBag_5_Fold_Hard_Test_Pred_Wide.pgf)
(../Keras/Images/BalBag_5_Fold_Hard_Test_ROC.pgf)
Overfull \hbox (16.03403pt too wide) in paragraph at lines 351--648
[][] 
 []

(../Keras/Analyze_Proba/BalBag_5_Fold_Hard_Test_20.tex) [55]
(../Keras/Images/BalBag_5_Fold_Hard_Test_Transformed_100_Pred_Wide.pgf)
(../Keras/Images/BalBag_5_Fold_Hard_Test_Transformed_100_ROC.pgf)
Overfull \hbox (16.03403pt too wide) in paragraph at lines 351--674
[][] 
 []

(../Keras/Analyze_Proba/BalBag_5_Fold_Hard_Test_Transformed_100_20.tex)
[56] (../Keras/Images/BalBag_5_Fold_Hard_Test_Transformed_98_Pred_Wide.pgf)
(../Keras/Images/BalBag_5_Fold_Hard_Test_Transformed_98_ROC.pgf)
Overfull \hbox (16.03403pt too wide) in paragraph at lines 351--700
[][] 
 []

(../Keras/Analyze_Proba/BalBag_5_Fold_Hard_Test_Transformed_98_20.tex) [57]
(../Keras/Images/BalBag_5_Fold_Hard_Test_Transformed_95_Pred_Wide.pgf)
(../Keras/Images/BalBag_5_Fold_Hard_Test_Transformed_95_ROC.pgf)
Overfull \hbox (16.03403pt too wide) in paragraph at lines 351--726
[][] 
 []

(../Keras/Analyze_Proba/BalBag_5_Fold_Hard_Test_Transformed_95_20.tex) [58]
(../Keras/Images/EEC_5_Fold_Hard_Test_Pred_Wide.pgf)
(../Keras/Images/EEC_5_Fold_Hard_Test_ROC.pgf)
Overfull \hbox (16.03403pt too wide) in paragraph at lines 388--752
[][] 
 []

(../Keras/Analyze_Proba/EEC_5_Fold_Hard_Test_20.tex) [59]
(../Keras/Images/EEC_5_Fold_Hard_Test_Transformed_100_Pred_Wide.pgf)
(../Keras/Images/EEC_5_Fold_Hard_Test_Transformed_100_ROC.pgf)
Overfull \hbox (16.03403pt too wide) in paragraph at lines 388--778
[][] 
 []

(../Keras/Analyze_Proba/EEC_5_Fold_Hard_Test_Transformed_100_20.tex) [60]
(../Keras/Images/EEC_5_Fold_Hard_Test_Transformed_98_Pred_Wide.pgf)
(../Keras/Images/EEC_5_Fold_Hard_Test_Transformed_98_ROC.pgf)
Overfull \hbox (16.03403pt too wide) in paragraph at lines 387--804
[][] 
 []

(../Keras/Analyze_Proba/EEC_5_Fold_Hard_Test_Transformed_98_20.tex) [61]
(../Keras/Images/EEC_5_Fold_Hard_Test_Transformed_95_Pred_Wide.pgf)
(../Keras/Images/EEC_5_Fold_Hard_Test_Transformed_95_ROC.pgf)
Overfull \hbox (16.03403pt too wide) in paragraph at lines 386--830
[][] 
 []

(../Keras/Analyze_Proba/EEC_5_Fold_Hard_Test_Transformed_95_20.tex) [62]
(../Keras/Images/RUSBoost_5_Fold_Hard_Test_Pred_Wide.pgf)
(../Keras/Images/RUSBoost_5_Fold_Hard_Test_ROC.pgf)
Overfull \hbox (16.03403pt too wide) in paragraph at lines 1241--856
[][] 
 []

(../Keras/Analyze_Proba/RUSBoost_5_Fold_Hard_Test_20.tex) [63]
(../Keras/Images/RUSBoost_5_Fold_Hard_Test_Transformed_100_Pred_Wide.pgf)
(../Keras/Images/RUSBoost_5_Fold_Hard_Test_Transformed_100_ROC.pgf)
Overfull \hbox (16.03403pt too wide) in paragraph at lines 1241--882
[][] 
 []

(../Keras/Analyze_Proba/RUSBoost_5_Fold_Hard_Test_Transformed_100_20.tex)
[64] (../Keras/Images/RUSBoost_5_Fold_Hard_Test_Transformed_98_Pred_Wide.pgf)
(../Keras/Images/RUSBoost_5_Fold_Hard_Test_Transformed_98_ROC.pgf)
Overfull \hbox (16.03403pt too wide) in paragraph at lines 1242--908
[][] 
 []

(../Keras/Analyze_Proba/RUSBoost_5_Fold_Hard_Test_Transformed_98_20.tex)
[65] (../Keras/Images/RUSBoost_5_Fold_Hard_Test_Transformed_95_Pred_Wide.pgf)
(../Keras/Images/RUSBoost_5_Fold_Hard_Test_Transformed_95_ROC.pgf)
Overfull \hbox (16.03403pt too wide) in paragraph at lines 1235--934
[][] 
 []

(../Keras/Analyze_Proba/RUSBoost_5_Fold_Hard_Test_Transformed_95_20.tex)
[66] (../Keras/Images/KBFC_5_Fold_alpha_0_5_gamma_0_0_Hard_Test_Pred_Wide.pgf)
(../Keras/Images/KBFC_5_Fold_alpha_0_5_gamma_0_0_Hard_Test_ROC.pgf)
Overfull \hbox (16.03403pt too wide) in paragraph at lines 1232--960
[][] 
 []

(../Keras/Analyze_Proba/KBFC_5_Fold_alpha_0_5_gamma_0_0_Hard_Test_20.tex)
[67]
(../Keras/Images/KBFC_5_Fold_alpha_0_5_gamma_0_0_Hard_Test_Transformed_100_Pred
_Wide.pgf)
(../Keras/Images/KBFC_5_Fold_alpha_0_5_gamma_0_0_Hard_Test_Transformed_100_ROC.
pgf)
Overfull \hbox (16.03403pt too wide) in paragraph at lines 1232--986
[][] 
 []


(../Keras/Analyze_Proba/KBFC_5_Fold_alpha_0_5_gamma_0_0_Hard_Test_Transformed_1
00_20.tex) [68]
(../Keras/Images/KBFC_5_Fold_alpha_0_5_gamma_0_0_Hard_Test_Transformed_98_Pred_
Wide.pgf)
(../Keras/Images/KBFC_5_Fold_alpha_0_5_gamma_0_0_Hard_Test_Transformed_98_ROC.p
gf)
Overfull \hbox (16.03403pt too wide) in paragraph at lines 1231--1012
[][] 
 []


(../Keras/Analyze_Proba/KBFC_5_Fold_alpha_0_5_gamma_0_0_Hard_Test_Transformed_9
8_20.tex) [69]
(../Keras/Images/KBFC_5_Fold_alpha_0_5_gamma_0_0_Hard_Test_Transformed_95_Pred_
Wide.pgf)
(../Keras/Images/KBFC_5_Fold_alpha_0_5_gamma_0_0_Hard_Test_Transformed_95_ROC.p
gf)
Overfull \hbox (16.03403pt too wide) in paragraph at lines 1229--1038
[][] 
 []


(../Keras/Analyze_Proba/KBFC_5_Fold_alpha_0_5_gamma_0_0_Hard_Test_Transformed_9
5_20.tex) [70] (../Keras/Images/BRFC_5_Fold_alpha_0_5_Medium_Test_Pred_Wide.pgf
) (../Keras/Images/BRFC_5_Fold_alpha_0_5_Medium_Test_ROC.pgf)
Overfull \hbox (16.03403pt too wide) in paragraph at lines 404--1066
[][] 
 []

(../Keras/Analyze_Proba/BRFC_5_Fold_alpha_0_5_Medium_Test_20.tex) [71]
(../Keras/Images/BRFC_5_Fold_alpha_0_5_Medium_Test_Transformed_100_Pred_Wide.pg
f) (../Keras/Images/BRFC_5_Fold_alpha_0_5_Medium_Test_Transformed_100_ROC.pgf)
Overfull \hbox (16.03403pt too wide) in paragraph at lines 404--1092
[][] 
 []


(../Keras/Analyze_Proba/BRFC_5_Fold_alpha_0_5_Medium_Test_Transformed_100_20.te
x) [72]
(../Keras/Images/BRFC_5_Fold_alpha_0_5_Medium_Test_Transformed_98_Pred_Wide.pgf
) (../Keras/Images/BRFC_5_Fold_alpha_0_5_Medium_Test_Transformed_98_ROC.pgf)
Overfull \hbox (16.03403pt too wide) in paragraph at lines 413--1118
[][] 
 []


(../Keras/Analyze_Proba/BRFC_5_Fold_alpha_0_5_Medium_Test_Transformed_98_20.tex
) [73]
(../Keras/Images/BRFC_5_Fold_alpha_0_5_Medium_Test_Transformed_95_Pred_Wide.pgf
) (../Keras/Images/BRFC_5_Fold_alpha_0_5_Medium_Test_Transformed_95_ROC.pgf)
Overfull \hbox (16.03403pt too wide) in paragraph at lines 409--1144
[][] 
 []


(../Keras/Analyze_Proba/BRFC_5_Fold_alpha_0_5_Medium_Test_Transformed_95_20.tex
) [74] (../Keras/Images/BRFC_5_Fold_alpha_balanced_Medium_Test_Pred_Wide.pgf)
(../Keras/Images/BRFC_5_Fold_alpha_balanced_Medium_Test_ROC.pgf)
Overfull \hbox (16.03403pt too wide) in paragraph at lines 452--1170
[][] 
 []

(../Keras/Analyze_Proba/BRFC_5_Fold_alpha_balanced_Medium_Test_20.tex) [75]
(../Keras/Images/BRFC_5_Fold_alpha_balanced_Medium_Test_Transformed_100_Pred_Wi
de.pgf)
(../Keras/Images/BRFC_5_Fold_alpha_balanced_Medium_Test_Transformed_100_ROC.pgf
)
Overfull \hbox (16.03403pt too wide) in paragraph at lines 452--1196
[][] 
 []


(../Keras/Analyze_Proba/BRFC_5_Fold_alpha_balanced_Medium_Test_Transformed_100_
20.tex) [76]
(../Keras/Images/BRFC_5_Fold_alpha_balanced_Medium_Test_Transformed_98_Pred_Wid
e.pgf)
(../Keras/Images/BRFC_5_Fold_alpha_balanced_Medium_Test_Transformed_98_ROC.pgf)

Overfull \hbox (16.03403pt too wide) in paragraph at lines 452--1222
[][] 
 []


(../Keras/Analyze_Proba/BRFC_5_Fold_alpha_balanced_Medium_Test_Transformed_98_2
0.tex) [77]
(../Keras/Images/BRFC_5_Fold_alpha_balanced_Medium_Test_Transformed_95_Pred_Wid
e.pgf)
(../Keras/Images/BRFC_5_Fold_alpha_balanced_Medium_Test_Transformed_95_ROC.pgf)

Overfull \hbox (16.03403pt too wide) in paragraph at lines 455--1248
[][] 
 []


(../Keras/Analyze_Proba/BRFC_5_Fold_alpha_balanced_Medium_Test_Transformed_95_2
0.tex) [78] (../Keras/Images/LogReg_5_Fold_alpha_0_5_Medium_Test_Pred_Wide.pgf)
(../Keras/Images/LogReg_5_Fold_alpha_0_5_Medium_Test_ROC.pgf)
Overfull \hbox (16.03403pt too wide) in paragraph at lines 1419--1274
[][] 
 []

(../Keras/Analyze_Proba/LogReg_5_Fold_alpha_0_5_Medium_Test_20.tex) [79]
(../Keras/Images/LogReg_5_Fold_alpha_0_5_Medium_Test_Transformed_100_Pred_Wide.
pgf)
(../Keras/Images/LogReg_5_Fold_alpha_0_5_Medium_Test_Transformed_100_ROC.pgf)
Overfull \hbox (16.03403pt too wide) in paragraph at lines 1419--1300
[][] 
 []


(../Keras/Analyze_Proba/LogReg_5_Fold_alpha_0_5_Medium_Test_Transformed_100_20.
tex) [80]
(../Keras/Images/LogReg_5_Fold_alpha_0_5_Medium_Test_Transformed_98_Pred_Wide.p
gf) (../Keras/Images/LogReg_5_Fold_alpha_0_5_Medium_Test_Transformed_98_ROC.pgf
)
Overfull \hbox (16.03403pt too wide) in paragraph at lines 1417--1326
[][] 
 []


(../Keras/Analyze_Proba/LogReg_5_Fold_alpha_0_5_Medium_Test_Transformed_98_20.t
ex) [81]
(../Keras/Images/LogReg_5_Fold_alpha_0_5_Medium_Test_Transformed_95_Pred_Wide.p
gf) (../Keras/Images/LogReg_5_Fold_alpha_0_5_Medium_Test_Transformed_95_ROC.pgf
)
Overfull \hbox (16.03403pt too wide) in paragraph at lines 1395--1352
[][] 
 []


(../Keras/Analyze_Proba/LogReg_5_Fold_alpha_0_5_Medium_Test_Transformed_95_20.t
ex) [82]
(../Keras/Images/LogReg_5_Fold_alpha_balanced_Medium_Test_Pred_Wide.pgf)
(../Keras/Images/LogReg_5_Fold_alpha_balanced_Medium_Test_ROC.pgf)
Overfull \hbox (16.03403pt too wide) in paragraph at lines 1417--1378
[][] 
 []

(../Keras/Analyze_Proba/LogReg_5_Fold_alpha_balanced_Medium_Test_20.tex)
[83]
(../Keras/Images/LogReg_5_Fold_alpha_balanced_Medium_Test_Transformed_100_Pred_
Wide.pgf)
(../Keras/Images/LogReg_5_Fold_alpha_balanced_Medium_Test_Transformed_100_ROC.p
gf)
Overfull \hbox (16.03403pt too wide) in paragraph at lines 1417--1404
[][] 
 []


(../Keras/Analyze_Proba/LogReg_5_Fold_alpha_balanced_Medium_Test_Transformed_10
0_20.tex) [84]
(../Keras/Images/LogReg_5_Fold_alpha_balanced_Medium_Test_Transformed_98_Pred_W
ide.pgf)
(../Keras/Images/LogReg_5_Fold_alpha_balanced_Medium_Test_Transformed_98_ROC.pg
f)
Overfull \hbox (16.03403pt too wide) in paragraph at lines 1407--1430
[][] 
 []


(../Keras/Analyze_Proba/LogReg_5_Fold_alpha_balanced_Medium_Test_Transformed_98
_20.tex) [85]
(../Keras/Images/LogReg_5_Fold_alpha_balanced_Medium_Test_Transformed_95_Pred_W
ide.pgf)
(../Keras/Images/LogReg_5_Fold_alpha_balanced_Medium_Test_Transformed_95_ROC.pg
f)
Overfull \hbox (16.03403pt too wide) in paragraph at lines 1382--1456
[][] 
 []


(../Keras/Analyze_Proba/LogReg_5_Fold_alpha_balanced_Medium_Test_Transformed_95
_20.tex) [86] (../Keras/Images/AdaBoost_5_Fold_Medium_Test_Pred_Wide.pgf)
(../Keras/Images/AdaBoost_5_Fold_Medium_Test_ROC.pgf)
Overfull \hbox (16.03403pt too wide) in paragraph at lines 1391--1482
[][] 
 []

(../Keras/Analyze_Proba/AdaBoost_5_Fold_Medium_Test_20.tex)
Overfull \hbox (0.94757pt too wide) in paragraph at lines 1--1488
[][]
 []


Underfull \hbox (badness 10000) in paragraph at lines 1--1488

 []

[87] (../Keras/Images/AdaBoost_5_Fold_Medium_Test_Transformed_100_Pred_Wide.pgf
) (../Keras/Images/AdaBoost_5_Fold_Medium_Test_Transformed_100_ROC.pgf)
Overfull \hbox (16.03403pt too wide) in paragraph at lines 1391--1508
[][] 
 []

(../Keras/Analyze_Proba/AdaBoost_5_Fold_Medium_Test_Transformed_100_20.tex)
[88] (../Keras/Images/AdaBoost_5_Fold_Medium_Test_Transformed_98_Pred_Wide.pgf)
(../Keras/Images/AdaBoost_5_Fold_Medium_Test_Transformed_98_ROC.pgf)
Overfull \hbox (16.03403pt too wide) in paragraph at lines 1399--1534
[][] 
 []

(../Keras/Analyze_Proba/AdaBoost_5_Fold_Medium_Test_Transformed_98_20.tex)
[89] (../Keras/Images/AdaBoost_5_Fold_Medium_Test_Transformed_95_Pred_Wide.pgf)
(../Keras/Images/AdaBoost_5_Fold_Medium_Test_Transformed_95_ROC.pgf)
Overfull \hbox (16.03403pt too wide) in paragraph at lines 1380--1560
[][] 
 []

(../Keras/Analyze_Proba/AdaBoost_5_Fold_Medium_Test_Transformed_95_20.tex)
[90] (../Keras/Images/BalBag_5_Fold_Medium_Test_Pred_Wide.pgf)
(../Keras/Images/BalBag_5_Fold_Medium_Test_ROC.pgf)
Overfull \hbox (16.03403pt too wide) in paragraph at lines 360--1586
[][] 
 []

(../Keras/Analyze_Proba/BalBag_5_Fold_Medium_Test_20.tex) [91]
(../Keras/Images/BalBag_5_Fold_Medium_Test_Transformed_100_Pred_Wide.pgf)
(../Keras/Images/BalBag_5_Fold_Medium_Test_Transformed_100_ROC.pgf)
Overfull \hbox (16.03403pt too wide) in paragraph at lines 360--1612
[][] 
 []

(../Keras/Analyze_Proba/BalBag_5_Fold_Medium_Test_Transformed_100_20.tex)
[92] (../Keras/Images/BalBag_5_Fold_Medium_Test_Transformed_98_Pred_Wide.pgf)
(../Keras/Images/BalBag_5_Fold_Medium_Test_Transformed_98_ROC.pgf)
Overfull \hbox (16.03403pt too wide) in paragraph at lines 360--1638
[][] 
 []

(../Keras/Analyze_Proba/BalBag_5_Fold_Medium_Test_Transformed_98_20.tex)
[93] (../Keras/Images/BalBag_5_Fold_Medium_Test_Transformed_95_Pred_Wide.pgf)
(../Keras/Images/BalBag_5_Fold_Medium_Test_Transformed_95_ROC.pgf)
Overfull \hbox (16.03403pt too wide) in paragraph at lines 360--1664
[][] 
 []

(../Keras/Analyze_Proba/BalBag_5_Fold_Medium_Test_Transformed_95_20.tex)
[94] (../Keras/Images/EEC_5_Fold_Medium_Test_Pred_Wide.pgf)
(../Keras/Images/EEC_5_Fold_Medium_Test_ROC.pgf)
Overfull \hbox (16.03403pt too wide) in paragraph at lines 385--1690
[][] 
 []

(../Keras/Analyze_Proba/EEC_5_Fold_Medium_Test_20.tex) [95]
(../Keras/Images/EEC_5_Fold_Medium_Test_Transformed_100_Pred_Wide.pgf)
(../Keras/Images/EEC_5_Fold_Medium_Test_Transformed_100_ROC.pgf)
Overfull \hbox (16.03403pt too wide) in paragraph at lines 385--1716
[][] 
 []

(../Keras/Analyze_Proba/EEC_5_Fold_Medium_Test_Transformed_100_20.tex) [96]
(../Keras/Images/EEC_5_Fold_Medium_Test_Transformed_98_Pred_Wide.pgf)
(../Keras/Images/EEC_5_Fold_Medium_Test_Transformed_98_ROC.pgf)
Overfull \hbox (16.03403pt too wide) in paragraph at lines 384--1742
[][] 
 []

(../Keras/Analyze_Proba/EEC_5_Fold_Medium_Test_Transformed_98_20.tex) [97]
(../Keras/Images/EEC_5_Fold_Medium_Test_Transformed_95_Pred_Wide.pgf)
(../Keras/Images/EEC_5_Fold_Medium_Test_Transformed_95_ROC.pgf)
Overfull \hbox (16.03403pt too wide) in paragraph at lines 382--1768
[][] 
 []

(../Keras/Analyze_Proba/EEC_5_Fold_Medium_Test_Transformed_95_20.tex) [98]
(../Keras/Images/RUSBoost_5_Fold_Medium_Test_Pred_Wide.pgf)
(../Keras/Images/RUSBoost_5_Fold_Medium_Test_ROC.pgf)
Overfull \hbox (16.03403pt too wide) in paragraph at lines 1456--1794
[][] 
 []

(../Keras/Analyze_Proba/RUSBoost_5_Fold_Medium_Test_20.tex) [99]
(../Keras/Images/RUSBoost_5_Fold_Medium_Test_Transformed_100_Pred_Wide.pgf)
(../Keras/Images/RUSBoost_5_Fold_Medium_Test_Transformed_100_ROC.pgf)
Overfull \hbox (16.03403pt too wide) in paragraph at lines 1456--1820
[][] 
 []

(../Keras/Analyze_Proba/RUSBoost_5_Fold_Medium_Test_Transformed_100_20.tex)
[100] (../Keras/Images/RUSBoost_5_Fold_Medium_Test_Transformed_98_Pred_Wide.pgf
) (../Keras/Images/RUSBoost_5_Fold_Medium_Test_Transformed_98_ROC.pgf)
Overfull \hbox (16.03403pt too wide) in paragraph at lines 1438--1846
[][] 
 []

(../Keras/Analyze_Proba/RUSBoost_5_Fold_Medium_Test_Transformed_98_20.tex)
[101] (../Keras/Images/RUSBoost_5_Fold_Medium_Test_Transformed_95_Pred_Wide.pgf
) (../Keras/Images/RUSBoost_5_Fold_Medium_Test_Transformed_95_ROC.pgf)
Overfull \hbox (16.03403pt too wide) in paragraph at lines 1421--1872
[][] 
 []

(../Keras/Analyze_Proba/RUSBoost_5_Fold_Medium_Test_Transformed_95_20.tex)
[102]
(../Keras/Images/KBFC_5_Fold_alpha_0_5_gamma_0_0_Medium_Test_Pred_Wide.pgf)
(../Keras/Images/KBFC_5_Fold_alpha_0_5_gamma_0_0_Medium_Test_ROC.pgf)
Overfull \hbox (16.03403pt too wide) in paragraph at lines 1372--1898
[][] 
 []

(../Keras/Analyze_Proba/KBFC_5_Fold_alpha_0_5_gamma_0_0_Medium_Test_20.tex)
[103]
(../Keras/Images/KBFC_5_Fold_alpha_0_5_gamma_0_0_Medium_Test_Transformed_100_Pr
ed_Wide.pgf)
(../Keras/Images/KBFC_5_Fold_alpha_0_5_gamma_0_0_Medium_Test_Transformed_100_RO
C.pgf)
Overfull \hbox (16.03403pt too wide) in paragraph at lines 1372--1924
[][] 
 []


(../Keras/Analyze_Proba/KBFC_5_Fold_alpha_0_5_gamma_0_0_Medium_Test_Transformed
_100_20.tex) [104]
(../Keras/Images/KBFC_5_Fold_alpha_0_5_gamma_0_0_Medium_Test_Transformed_98_Pre
d_Wide.pgf)
(../Keras/Images/KBFC_5_Fold_alpha_0_5_gamma_0_0_Medium_Test_Transformed_98_ROC
.pgf)
Overfull \hbox (16.03403pt too wide) in paragraph at lines 1374--1950
[][] 
 []


(../Keras/Analyze_Proba/KBFC_5_Fold_alpha_0_5_gamma_0_0_Medium_Test_Transformed
_98_20.tex) [105]
(../Keras/Images/KBFC_5_Fold_alpha_0_5_gamma_0_0_Medium_Test_Transformed_95_Pre
d_Wide.pgf)
(../Keras/Images/KBFC_5_Fold_alpha_0_5_gamma_0_0_Medium_Test_Transformed_95_ROC
.pgf)
Overfull \hbox (16.03403pt too wide) in paragraph at lines 1385--1976
[][] 
 []


(../Keras/Analyze_Proba/KBFC_5_Fold_alpha_0_5_gamma_0_0_Medium_Test_Transformed
_95_20.tex) [106]
(../Keras/Images/KBFC_5_Fold_alpha_balanced_gamma_0_0_Medium_Test_Pred_Wide.pgf
) (../Keras/Images/KBFC_5_Fold_alpha_balanced_gamma_0_0_Medium_Test_ROC.pgf)
Overfull \hbox (16.03403pt too wide) in paragraph at lines 1365--2002
[][] 
 []


(../Keras/Analyze_Proba/KBFC_5_Fold_alpha_balanced_gamma_0_0_Medium_Test_20.tex
) [107]
(../Keras/Images/KBFC_5_Fold_alpha_balanced_gamma_0_0_Medium_Test_Transformed_1
00_Pred_Wide.pgf)
(../Keras/Images/KBFC_5_Fold_alpha_balanced_gamma_0_0_Medium_Test_Transformed_1
00_ROC.pgf)
Overfull \hbox (16.03403pt too wide) in paragraph at lines 1365--2028
[][] 
 []


(../Keras/Analyze_Proba/KBFC_5_Fold_alpha_balanced_gamma_0_0_Medium_Test_Transf
ormed_100_20.tex) [108]
(../Keras/Images/KBFC_5_Fold_alpha_balanced_gamma_0_0_Medium_Test_Transformed_9
8_Pred_Wide.pgf)
(../Keras/Images/KBFC_5_Fold_alpha_balanced_gamma_0_0_Medium_Test_Transformed_9
8_ROC.pgf)
Overfull \hbox (16.03403pt too wide) in paragraph at lines 1410--2054
[][] 
 []


(../Keras/Analyze_Proba/KBFC_5_Fold_alpha_balanced_gamma_0_0_Medium_Test_Transf
ormed_98_20.tex) [109]
(../Keras/Images/KBFC_5_Fold_alpha_balanced_gamma_0_0_Medium_Test_Transformed_9
5_Pred_Wide.pgf)
(../Keras/Images/KBFC_5_Fold_alpha_balanced_gamma_0_0_Medium_Test_Transformed_9
5_ROC.pgf)
Overfull \hbox (16.03403pt too wide) in paragraph at lines 1368--2080
[][] 
 []


(../Keras/Analyze_Proba/KBFC_5_Fold_alpha_balanced_gamma_0_0_Medium_Test_Transf
ormed_95_20.tex) [110]
(../Keras/Images/BRFC_5_Fold_alpha_0_5_Easy_Test_Pred_Wide.pgf)
(../Keras/Images/BRFC_5_Fold_alpha_0_5_Easy_Test_ROC.pgf)
Overfull \hbox (16.03403pt too wide) in paragraph at lines 572--2108
[][] 
 []

(../Keras/Analyze_Proba/BRFC_5_Fold_alpha_0_5_Easy_Test_20.tex) [111]
(../Keras/Images/BRFC_5_Fold_alpha_0_5_Easy_Test_Transformed_100_Pred_Wide.pgf)
(../Keras/Images/BRFC_5_Fold_alpha_0_5_Easy_Test_Transformed_100_ROC.pgf)
Overfull \hbox (16.03403pt too wide) in paragraph at lines 572--2134
[][] 
 []

(../Keras/Analyze_Proba/BRFC_5_Fold_alpha_0_5_Easy_Test_Transformed_100_20.tex)
[112]
(../Keras/Images/BRFC_5_Fold_alpha_0_5_Easy_Test_Transformed_98_Pred_Wide.pgf)
(../Keras/Images/BRFC_5_Fold_alpha_0_5_Easy_Test_Transformed_98_ROC.pgf)
Overfull \hbox (16.03403pt too wide) in paragraph at lines 590--2160
[][] 
 []

(../Keras/Analyze_Proba/BRFC_5_Fold_alpha_0_5_Easy_Test_Transformed_98_20.tex)
[113]
(../Keras/Images/BRFC_5_Fold_alpha_0_5_Easy_Test_Transformed_95_Pred_Wide.pgf)
(../Keras/Images/BRFC_5_Fold_alpha_0_5_Easy_Test_Transformed_95_ROC.pgf)
Overfull \hbox (16.03403pt too wide) in paragraph at lines 540--2186
[][] 
 []

(../Keras/Analyze_Proba/BRFC_5_Fold_alpha_0_5_Easy_Test_Transformed_95_20.tex)
[114] (../Keras/Images/BRFC_5_Fold_alpha_balanced_Easy_Test_Pred_Wide.pgf)
(../Keras/Images/BRFC_5_Fold_alpha_balanced_Easy_Test_ROC.pgf)
Overfull \hbox (16.03403pt too wide) in paragraph at lines 637--2212
[][] 
 []

(../Keras/Analyze_Proba/BRFC_5_Fold_alpha_balanced_Easy_Test_20.tex) [115]
(../Keras/Images/BRFC_5_Fold_alpha_balanced_Easy_Test_Transformed_100_Pred_Wide
.pgf)
(../Keras/Images/BRFC_5_Fold_alpha_balanced_Easy_Test_Transformed_100_ROC.pgf)
Overfull \hbox (16.03403pt too wide) in paragraph at lines 637--2238
[][] 
 []


(../Keras/Analyze_Proba/BRFC_5_Fold_alpha_balanced_Easy_Test_Transformed_100_20
.tex) [116]
(../Keras/Images/BRFC_5_Fold_alpha_balanced_Easy_Test_Transformed_98_Pred_Wide.
pgf)
(../Keras/Images/BRFC_5_Fold_alpha_balanced_Easy_Test_Transformed_98_ROC.pgf)
Overfull \hbox (16.03403pt too wide) in paragraph at lines 618--2264
[][] 
 []


(../Keras/Analyze_Proba/BRFC_5_Fold_alpha_balanced_Easy_Test_Transformed_98_20.
tex) [117]
(../Keras/Images/BRFC_5_Fold_alpha_balanced_Easy_Test_Transformed_95_Pred_Wide.
pgf)
(../Keras/Images/BRFC_5_Fold_alpha_balanced_Easy_Test_Transformed_95_ROC.pgf)
Overfull \hbox (16.03403pt too wide) in paragraph at lines 631--2290
[][] 
 []


(../Keras/Analyze_Proba/BRFC_5_Fold_alpha_balanced_Easy_Test_Transformed_95_20.
tex) [118] (../Keras/Images/LogReg_5_Fold_alpha_0_5_Easy_Test_Pred_Wide.pgf)
(../Keras/Images/LogReg_5_Fold_alpha_0_5_Easy_Test_ROC.pgf)
Overfull \hbox (16.03403pt too wide) in paragraph at lines 609--2316
[][] 
 []

(../Keras/Analyze_Proba/LogReg_5_Fold_alpha_0_5_Easy_Test_20.tex) [119]
(../Keras/Images/LogReg_5_Fold_alpha_0_5_Easy_Test_Transformed_100_Pred_Wide.pg
f) (../Keras/Images/LogReg_5_Fold_alpha_0_5_Easy_Test_Transformed_100_ROC.pgf)
Overfull \hbox (16.03403pt too wide) in paragraph at lines 609--2342
[][] 
 []


(../Keras/Analyze_Proba/LogReg_5_Fold_alpha_0_5_Easy_Test_Transformed_100_20.te
x) [120]
(../Keras/Images/LogReg_5_Fold_alpha_0_5_Easy_Test_Transformed_98_Pred_Wide.pgf
) (../Keras/Images/LogReg_5_Fold_alpha_0_5_Easy_Test_Transformed_98_ROC.pgf)
Overfull \hbox (16.03403pt too wide) in paragraph at lines 559--2368
[][] 
 []


(../Keras/Analyze_Proba/LogReg_5_Fold_alpha_0_5_Easy_Test_Transformed_98_20.tex
) [121]
(../Keras/Images/LogReg_5_Fold_alpha_0_5_Easy_Test_Transformed_95_Pred_Wide.pgf
) (../Keras/Images/LogReg_5_Fold_alpha_0_5_Easy_Test_Transformed_95_ROC.pgf)
Overfull \hbox (16.03403pt too wide) in paragraph at lines 571--2394
[][] 
 []


(../Keras/Analyze_Proba/LogReg_5_Fold_alpha_0_5_Easy_Test_Transformed_95_20.tex
) [122] (../Keras/Images/LogReg_5_Fold_alpha_balanced_Easy_Test_Pred_Wide.pgf)
(../Keras/Images/LogReg_5_Fold_alpha_balanced_Easy_Test_ROC.pgf)
Overfull \hbox (16.03403pt too wide) in paragraph at lines 500--2420
[][] 
 []

(../Keras/Analyze_Proba/LogReg_5_Fold_alpha_balanced_Easy_Test_20.tex) [123]
(../Keras/Images/LogReg_5_Fold_alpha_balanced_Easy_Test_Transformed_100_Pred_Wi
de.pgf)
(../Keras/Images/LogReg_5_Fold_alpha_balanced_Easy_Test_Transformed_100_ROC.pgf
)
Overfull \hbox (16.03403pt too wide) in paragraph at lines 500--2446
[][] 
 []


(../Keras/Analyze_Proba/LogReg_5_Fold_alpha_balanced_Easy_Test_Transformed_100_
20.tex) [124]
(../Keras/Images/LogReg_5_Fold_alpha_balanced_Easy_Test_Transformed_98_Pred_Wid
e.pgf)
(../Keras/Images/LogReg_5_Fold_alpha_balanced_Easy_Test_Transformed_98_ROC.pgf)

Overfull \hbox (16.03403pt too wide) in paragraph at lines 573--2472
[][] 
 []


(../Keras/Analyze_Proba/LogReg_5_Fold_alpha_balanced_Easy_Test_Transformed_98_2
0.tex) [125]
(../Keras/Images/LogReg_5_Fold_alpha_balanced_Easy_Test_Transformed_95_Pred_Wid
e.pgf)
(../Keras/Images/LogReg_5_Fold_alpha_balanced_Easy_Test_Transformed_95_ROC.pgf)

Overfull \hbox (16.03403pt too wide) in paragraph at lines 566--2498
[][] 
 []


(../Keras/Analyze_Proba/LogReg_5_Fold_alpha_balanced_Easy_Test_Transformed_95_2
0.tex) [126] (../Keras/Images/AdaBoost_5_Fold_Easy_Test_Pred_Wide.pgf)
(../Keras/Images/AdaBoost_5_Fold_Easy_Test_ROC.pgf)
Overfull \hbox (16.03403pt too wide) in paragraph at lines 593--2524
[][] 
 []

(../Keras/Analyze_Proba/AdaBoost_5_Fold_Easy_Test_20.tex)
Overfull \hbox (0.94757pt too wide) in paragraph at lines 1--2530
[][]
 []


Underfull \hbox (badness 10000) in paragraph at lines 1--2530

 []

[127] (../Keras/Images/AdaBoost_5_Fold_Easy_Test_Transformed_100_Pred_Wide.pgf)
(../Keras/Images/AdaBoost_5_Fold_Easy_Test_Transformed_100_ROC.pgf)
Overfull \hbox (16.03403pt too wide) in paragraph at lines 593--2550
[][] 
 []

(../Keras/Analyze_Proba/AdaBoost_5_Fold_Easy_Test_Transformed_100_20.tex)
[128] (../Keras/Images/AdaBoost_5_Fold_Easy_Test_Transformed_98_Pred_Wide.pgf)
(../Keras/Images/AdaBoost_5_Fold_Easy_Test_Transformed_98_ROC.pgf)
Overfull \hbox (16.03403pt too wide) in paragraph at lines 574--2576
[][] 
 []

(../Keras/Analyze_Proba/AdaBoost_5_Fold_Easy_Test_Transformed_98_20.tex)
[129] (../Keras/Images/AdaBoost_5_Fold_Easy_Test_Transformed_95_Pred_Wide.pgf)
(../Keras/Images/AdaBoost_5_Fold_Easy_Test_Transformed_95_ROC.pgf)
Overfull \hbox (16.03403pt too wide) in paragraph at lines 587--2602
[][] 
 []

(../Keras/Analyze_Proba/AdaBoost_5_Fold_Easy_Test_Transformed_95_20.tex)
[130] (../Keras/Images/BalBag_5_Fold_Easy_Test_Pred_Wide.pgf)
(../Keras/Images/BalBag_5_Fold_Easy_Test_ROC.pgf)
Overfull \hbox (16.03403pt too wide) in paragraph at lines 485--2628
[][] 
 []

(../Keras/Analyze_Proba/BalBag_5_Fold_Easy_Test_20.tex) [131]
(../Keras/Images/BalBag_5_Fold_Easy_Test_Transformed_100_Pred_Wide.pgf)
(../Keras/Images/BalBag_5_Fold_Easy_Test_Transformed_100_ROC.pgf)
Overfull \hbox (16.03403pt too wide) in paragraph at lines 485--2654
[][] 
 []

(../Keras/Analyze_Proba/BalBag_5_Fold_Easy_Test_Transformed_100_20.tex)
[132] (../Keras/Images/BalBag_5_Fold_Easy_Test_Transformed_98_Pred_Wide.pgf)
(../Keras/Images/BalBag_5_Fold_Easy_Test_Transformed_98_ROC.pgf)
Overfull \hbox (16.03403pt too wide) in paragraph at lines 485--2680
[][] 
 []

(../Keras/Analyze_Proba/BalBag_5_Fold_Easy_Test_Transformed_98_20.tex) [133]
(../Keras/Images/BalBag_5_Fold_Easy_Test_Transformed_95_Pred_Wide.pgf)
(../Keras/Images/BalBag_5_Fold_Easy_Test_Transformed_95_ROC.pgf)
Overfull \hbox (16.03403pt too wide) in paragraph at lines 490--2706
[][] 
 []

(../Keras/Analyze_Proba/BalBag_5_Fold_Easy_Test_Transformed_95_20.tex) [134]
(../Keras/Images/EEC_5_Fold_Easy_Test_Pred_Wide.pgf)
(../Keras/Images/EEC_5_Fold_Easy_Test_ROC.pgf)
Overfull \hbox (16.03403pt too wide) in paragraph at lines 380--2732
[][] 
 []

(../Keras/Analyze_Proba/EEC_5_Fold_Easy_Test_20.tex) [135]
(../Keras/Images/EEC_5_Fold_Easy_Test_Transformed_100_Pred_Wide.pgf)
(../Keras/Images/EEC_5_Fold_Easy_Test_Transformed_100_ROC.pgf)
Overfull \hbox (16.03403pt too wide) in paragraph at lines 380--2758
[][] 
 []

(../Keras/Analyze_Proba/EEC_5_Fold_Easy_Test_Transformed_100_20.tex) [136]
(../Keras/Images/EEC_5_Fold_Easy_Test_Transformed_98_Pred_Wide.pgf)
(../Keras/Images/EEC_5_Fold_Easy_Test_Transformed_98_ROC.pgf)
Overfull \hbox (16.03403pt too wide) in paragraph at lines 380--2784
[][] 
 []

(../Keras/Analyze_Proba/EEC_5_Fold_Easy_Test_Transformed_98_20.tex) [137]
(../Keras/Images/EEC_5_Fold_Easy_Test_Transformed_95_Pred_Wide.pgf)
(../Keras/Images/EEC_5_Fold_Easy_Test_Transformed_95_ROC.pgf)
Overfull \hbox (16.03403pt too wide) in paragraph at lines 377--2810
[][] 
 []

(../Keras/Analyze_Proba/EEC_5_Fold_Easy_Test_Transformed_95_20.tex) [138]
(../Keras/Images/RUSBoost_5_Fold_Easy_Test_Pred_Wide.pgf)
(../Keras/Images/RUSBoost_5_Fold_Easy_Test_ROC.pgf)
Overfull \hbox (16.03403pt too wide) in paragraph at lines 704--2836
[][] 
 []

(../Keras/Analyze_Proba/RUSBoost_5_Fold_Easy_Test_20.tex) [139]
(../Keras/Images/RUSBoost_5_Fold_Easy_Test_Transformed_100_Pred_Wide.pgf)
(../Keras/Images/RUSBoost_5_Fold_Easy_Test_Transformed_100_ROC.pgf)
Overfull \hbox (16.03403pt too wide) in paragraph at lines 733--2862
[][] 
 []

(../Keras/Analyze_Proba/RUSBoost_5_Fold_Easy_Test_Transformed_100_20.tex)
[140] (../Keras/Images/RUSBoost_5_Fold_Easy_Test_Transformed_98_Pred_Wide.pgf)
(../Keras/Images/RUSBoost_5_Fold_Easy_Test_Transformed_98_ROC.pgf)
Overfull \hbox (16.03403pt too wide) in paragraph at lines 708--2888
[][] 
 []

(../Keras/Analyze_Proba/RUSBoost_5_Fold_Easy_Test_Transformed_98_20.tex)
[141] (../Keras/Images/RUSBoost_5_Fold_Easy_Test_Transformed_95_Pred_Wide.pgf)
(../Keras/Images/RUSBoost_5_Fold_Easy_Test_Transformed_95_ROC.pgf)
Overfull \hbox (16.03403pt too wide) in paragraph at lines 662--2914
[][] 
 []

(../Keras/Analyze_Proba/RUSBoost_5_Fold_Easy_Test_Transformed_95_20.tex)
[142] (../Keras/Images/KBFC_5_Fold_alpha_0_5_gamma_0_0_Easy_Test_Pred_Wide.pgf)
(../Keras/Images/KBFC_5_Fold_alpha_0_5_gamma_0_0_Easy_Test_ROC.pgf)
Overfull \hbox (16.03403pt too wide) in paragraph at lines 576--2940
[][] 
 []

(../Keras/Analyze_Proba/KBFC_5_Fold_alpha_0_5_gamma_0_0_Easy_Test_20.tex)
[143]
(../Keras/Images/KBFC_5_Fold_alpha_0_5_gamma_0_0_Easy_Test_Transformed_100_Pred
_Wide.pgf)
(../Keras/Images/KBFC_5_Fold_alpha_0_5_gamma_0_0_Easy_Test_Transformed_100_ROC.
pgf)
Overfull \hbox (16.03403pt too wide) in paragraph at lines 576--2966
[][] 
 []


(../Keras/Analyze_Proba/KBFC_5_Fold_alpha_0_5_gamma_0_0_Easy_Test_Transformed_1
00_20.tex) [144]
(../Keras/Images/KBFC_5_Fold_alpha_0_5_gamma_0_0_Easy_Test_Transformed_98_Pred_
Wide.pgf)
(../Keras/Images/KBFC_5_Fold_alpha_0_5_gamma_0_0_Easy_Test_Transformed_98_ROC.p
gf)
Overfull \hbox (16.03403pt too wide) in paragraph at lines 556--2992
[][] 
 []


(../Keras/Analyze_Proba/KBFC_5_Fold_alpha_0_5_gamma_0_0_Easy_Test_Transformed_9
8_20.tex) [145]
(../Keras/Images/KBFC_5_Fold_alpha_0_5_gamma_0_0_Easy_Test_Transformed_95_Pred_
Wide.pgf)
(../Keras/Images/KBFC_5_Fold_alpha_0_5_gamma_0_0_Easy_Test_Transformed_95_ROC.p
gf)
Overfull \hbox (16.03403pt too wide) in paragraph at lines 547--3018
[][] 
 []


(../Keras/Analyze_Proba/KBFC_5_Fold_alpha_0_5_gamma_0_0_Easy_Test_Transformed_9
5_20.tex) [146]
(../Keras/Images/KBFC_5_Fold_alpha_balanced_gamma_0_0_Easy_Test_Pred_Wide.pgf)
(../Keras/Images/KBFC_5_Fold_alpha_balanced_gamma_0_0_Easy_Test_ROC.pgf)
Overfull \hbox (16.03403pt too wide) in paragraph at lines 592--3044
[][] 
 []

(../Keras/Analyze_Proba/KBFC_5_Fold_alpha_balanced_gamma_0_0_Easy_Test_20.tex)
[147]
(../Keras/Images/KBFC_5_Fold_alpha_balanced_gamma_0_0_Easy_Test_Transformed_100
_Pred_Wide.pgf)
(../Keras/Images/KBFC_5_Fold_alpha_balanced_gamma_0_0_Easy_Test_Transformed_100
_ROC.pgf)
Overfull \hbox (16.03403pt too wide) in paragraph at lines 580--3070
[][] 
 []


(../Keras/Analyze_Proba/KBFC_5_Fold_alpha_balanced_gamma_0_0_Easy_Test_Transfor
med_100_20.tex) [148]
(../Keras/Images/KBFC_5_Fold_alpha_balanced_gamma_0_0_Easy_Test_Transformed_98_
Pred_Wide.pgf)
(../Keras/Images/KBFC_5_Fold_alpha_balanced_gamma_0_0_Easy_Test_Transformed_98_
ROC.pgf)
Overfull \hbox (16.03403pt too wide) in paragraph at lines 505--3096
[][] 
 []


(../Keras/Analyze_Proba/KBFC_5_Fold_alpha_balanced_gamma_0_0_Easy_Test_Transfor
med_98_20.tex) [149]
(../Keras/Images/KBFC_5_Fold_alpha_balanced_gamma_0_0_Easy_Test_Transformed_95_
Pred_Wide.pgf)
(../Keras/Images/KBFC_5_Fold_alpha_balanced_gamma_0_0_Easy_Test_Transformed_95_
ROC.pgf)
Overfull \hbox (16.03403pt too wide) in paragraph at lines 589--3122
[][] 
 []


(../Keras/Analyze_Proba/KBFC_5_Fold_alpha_balanced_gamma_0_0_Easy_Test_Transfor
med_95_20.tex) [150]) (./Burkman_Paper_10_11_23.bbl)

Package natbib Warning: There were undefined citations.

[151] (./Burkman_Paper_10_11_23.aux)

LaTeX Warning: There were multiply-defined labels.

Package rerunfilecheck Info: File `Burkman_Paper_10_11_23.out' has not changed.

(rerunfilecheck)             Checksum: D41D8CD98F00B204E9800998ECF8427E;0.
 ) 
Here is how much of TeX's memory you used:
 30337 strings out of 478994
 627794 string characters out of 5858184
 1113073 words of memory out of 5000000
 45842 multiletter control sequences out of 15000+600000
 519972 words of font info for 178 fonts, out of 8000000 for 9000
 1141 hyphenation exceptions out of 8191
 87i,22n,88p,1027b,685s stack positions out of 5000i,500n,10000p,200000b,80000s
{/usr/local/texlive/2021/texmf-dist/fonts/enc/dvips/stix/stix-t1.enc}{/usr/lo
cal/texlive/2021/texmf-dist/fonts/enc/dvips/cm-super/cm-super-t1.enc}{/usr/loca
l/texlive/2021/texmf-dist/fonts/enc/dvips/stix/stix-ts1.enc}</usr/local/texlive
/2021/texmf-dist/fonts/type1/public/stix/STIXGeneral-Bold.pfb></usr/local/texli
ve/2021/texmf-dist/fonts/type1/public/stix/STIXGeneral-BoldItalic.pfb></usr/loc
al/texlive/2021/texmf-dist/fonts/type1/public/stix/STIXGeneral-Italic.pfb></usr
/local/texlive/2021/texmf-dist/fonts/type1/public/stix/STIXGeneral-Regular.pfb>
</usr/local/texlive/2021/texmf-dist/fonts/type1/public/cm-super/sfss0900.pfb></
usr/local/texlive/2021/texmf-dist/fonts/type1/public/cm-super/sftt0800.pfb></us
r/local/texlive/2021/texmf-dist/fonts/type1/public/cm-super/sftt1000.pfb></usr/
local/texlive/2021/texmf-dist/fonts/type1/public/stix/stix-mathcal.pfb></usr/lo
cal/texlive/2021/texmf-dist/fonts/type1/public/stix/stix-mathex.pfb></usr/local
/texlive/2021/texmf-dist/fonts/type1/public/stix/stix-mathit.pfb></usr/local/te
xlive/2021/texmf-dist/fonts/type1/public/stix/stix-mathrm.pfb></usr/local/texli
ve/2021/texmf-dist/fonts/type1/public/stix/stix-mathscr.pfb></usr/local/texlive
/2021/texmf-dist/fonts/type1/public/stix/stix-mathsf.pfb>
Output written on Burkman_Paper_10_11_23.pdf (152 pages, 1528924 bytes).
PDF statistics:
 935 PDF objects out of 1000 (max. 8388607)
 759 compressed objects within 8 object streams
 245 named destinations out of 1000 (max. 500000)
 18 words of extra memory for PDF output out of 10000 (max. 10000000)

